Log Type: InternalDebug.log

Log Upload Time: Fri Mar 20 04:43:22 +0000 2020

Log Length: 79612

2020-03-20 04:42:09,886 INFO [main] com.microsoft.frameworklauncher.common.service.AbstractService: Initializing com.microsoft.frameworklauncher.applicationmaster.ApplicationMaster
2020-03-20 04:42:09,943 INFO [pool-1-thread-1] com.microsoft.frameworklauncher.common.service.SystemTaskQueue: Waiting to start SystemTaskQueue
2020-03-20 04:42:09,999 INFO [main] com.microsoft.frameworklauncher.common.utils.DnsUtils: Resolving local address
2020-03-20 04:42:10,003 INFO [main] com.microsoft.frameworklauncher.common.utils.DnsUtils: Resolved local address: [/10.3.1.2]
2020-03-20 04:42:11,532 INFO [main] com.microsoft.frameworklauncher.applicationmaster.ApplicationMaster: Registering com.microsoft.frameworklauncher.applicationmaster.ApplicationMaster to RM
2020-03-20 04:42:11,726 INFO [main] com.microsoft.frameworklauncher.applicationmaster.ApplicationMaster: Running Framework [admin~just-test_3f34372a] in Queue [default]
2020-03-20 04:42:11,726 INFO [main] com.microsoft.frameworklauncher.applicationmaster.ApplicationMaster: Got 0 Containers from previous attempts
2020-03-20 04:42:11,734 DEBUG [main] com.microsoft.frameworklauncher.common.model.ResourceDescriptor: Converted ResourceDescriptor: [MemoryMB: [1572864] CpuNumber: [96] GpuNumber: [0] GpuAttribute: [0(0)] PortNumber: [0] PortRanges: [{}]] from Resource: <memory:1572864, vCores:96, GPUs:0, GPUAttribute:0, ports: null>
2020-03-20 04:42:11,780 DEBUG [AMRM Callback Handler Thread] com.microsoft.frameworklauncher.applicationmaster.ApplicationMaster: getProgress called into AM from RM: Report Progress: [0.0]
2020-03-20 04:42:12,060 INFO [main] com.microsoft.frameworklauncher.zookeeperstore.ZookeeperStore: Initializing ZookeeperStore: [ConnectString] = [10.3.1.12:2181], [LauncherRootPath] = [/Launcher]
2020-03-20 04:42:15,848 INFO [main] com.microsoft.frameworklauncher.common.exit.FrameworkExitSpec: Initializing FrameworkExitSpec: Loading UserContainerExitSpec
2020-03-20 04:42:15,852 INFO [main] com.microsoft.frameworklauncher.hdfsstore.HdfsStore: Initializing HdfsStore: [LauncherRootPath] = [/Launcher]
2020-03-20 04:42:16,223 INFO [main] com.microsoft.frameworklauncher.common.utils.HadoopUtils: [hadoop fs -mkdir -p /Launcher]
2020-03-20 04:42:16,246 INFO [main] com.microsoft.frameworklauncher.common.utils.HadoopUtils: [hadoop fs -mkdir -p /Launcher/admin~just-test_3f34372a]
2020-03-20 04:42:16,249 INFO [main] com.microsoft.frameworklauncher.common.utils.HadoopUtils: [hadoop fs -mkdir -p /Launcher/admin~just-test_3f34372a/UserStore]
2020-03-20 04:42:16,251 INFO [main] com.microsoft.frameworklauncher.common.utils.HadoopUtils: [hadoop fs -mkdir -p /Launcher/admin~just-test_3f34372a/AMStore]
2020-03-20 04:42:16,408 INFO [main] com.microsoft.frameworklauncher.common.service.AbstractService: Recovering com.microsoft.frameworklauncher.applicationmaster.ApplicationMaster
2020-03-20 04:42:16,408 INFO [main] com.microsoft.frameworklauncher.common.service.AbstractService: Initializing com.microsoft.frameworklauncher.applicationmaster.StatusManager
2020-03-20 04:42:16,408 INFO [main] com.microsoft.frameworklauncher.common.service.AbstractService: Recovering com.microsoft.frameworklauncher.applicationmaster.StatusManager
2020-03-20 04:42:16,422 INFO [main] com.microsoft.frameworklauncher.applicationmaster.StatusManager: Succeeded to recover com.microsoft.frameworklauncher.applicationmaster.StatusManager.
2020-03-20 04:42:16,422 INFO [main] com.microsoft.frameworklauncher.common.service.AbstractService: Running com.microsoft.frameworklauncher.applicationmaster.StatusManager
2020-03-20 04:42:16,423 INFO [Thread-8] com.microsoft.frameworklauncher.applicationmaster.StatusManager: FrameworkRequest for local FrameworkVersion is not available, skip to pushStatus
2020-03-20 04:42:16,424 INFO [main] com.microsoft.frameworklauncher.applicationmaster.ApplicationMaster: reviseCorruptedTaskStates: {CONTAINER_ALLOCATED, CONTAINER_LAUNCHED, CONTAINER_REQUESTED}
2020-03-20 04:42:16,424 INFO [main] com.microsoft.frameworklauncher.applicationmaster.ApplicationMaster: recoverTransitionTaskStateQueue for TaskState: {CONTAINER_COMPLETED, TASK_COMPLETED, TASK_WAITING}
2020-03-20 04:42:16,425 INFO [main] com.microsoft.frameworklauncher.applicationmaster.ApplicationMaster: All the previous TASK_WAITING Tasks have been driven
2020-03-20 04:42:16,426 INFO [main] com.microsoft.frameworklauncher.applicationmaster.ApplicationMaster: All the previous CONTAINER_COMPLETED Tasks have been driven
2020-03-20 04:42:16,426 INFO [main] com.microsoft.frameworklauncher.applicationmaster.ApplicationMaster: All the previous TASK_COMPLETED Tasks have been driven
2020-03-20 04:42:16,426 INFO [main] com.microsoft.frameworklauncher.common.service.AbstractService: Initializing com.microsoft.frameworklauncher.applicationmaster.RequestManager
2020-03-20 04:42:16,426 INFO [main] com.microsoft.frameworklauncher.common.service.AbstractService: Recovering com.microsoft.frameworklauncher.applicationmaster.RequestManager
2020-03-20 04:42:16,436 DEBUG [main] com.microsoft.frameworklauncher.applicationmaster.RequestManager: Pulling LauncherRequest
2020-03-20 04:42:16,443 DEBUG [main] com.microsoft.frameworklauncher.applicationmaster.RequestManager: Pulled LauncherRequest
2020-03-20 04:42:16,573 DEBUG [main] com.microsoft.frameworklauncher.applicationmaster.RequestManager: ________________________________________________________________________________________________________________________________________________________________________________________________________
2020-03-20 04:42:16,573 DEBUG [main] com.microsoft.frameworklauncher.applicationmaster.RequestManager: Detected LauncherRequest changes. Updating to new LauncherRequest:
2020-03-20 04:42:16,573 DEBUG [main] com.microsoft.frameworklauncher.applicationmaster.RequestManager: {
2020-03-20 04:42:16,573 DEBUG [main] com.microsoft.frameworklauncher.applicationmaster.RequestManager:   "launchingDataDeploymentVersion" : null,
2020-03-20 04:42:16,573 DEBUG [main] com.microsoft.frameworklauncher.applicationmaster.RequestManager:   "launchedDataDeploymentVersion" : null,
2020-03-20 04:42:16,573 DEBUG [main] com.microsoft.frameworklauncher.applicationmaster.RequestManager:   "clusterConfiguration" : {
2020-03-20 04:42:16,573 DEBUG [main] com.microsoft.frameworklauncher.applicationmaster.RequestManager:     "nodes" : null
2020-03-20 04:42:16,573 DEBUG [main] com.microsoft.frameworklauncher.applicationmaster.RequestManager:   },
2020-03-20 04:42:16,574 DEBUG [main] com.microsoft.frameworklauncher.applicationmaster.RequestManager:   "aclConfiguration" : {
2020-03-20 04:42:16,574 DEBUG [main] com.microsoft.frameworklauncher.applicationmaster.RequestManager:     "namespaceAcls" : { },
2020-03-20 04:42:16,574 DEBUG [main] com.microsoft.frameworklauncher.applicationmaster.RequestManager:     "normalAdminUsers" : [ ]
2020-03-20 04:42:16,574 DEBUG [main] com.microsoft.frameworklauncher.applicationmaster.RequestManager:   }
2020-03-20 04:42:16,574 DEBUG [main] com.microsoft.frameworklauncher.applicationmaster.RequestManager: }
2020-03-20 04:42:16,574 DEBUG [main] com.microsoft.frameworklauncher.applicationmaster.RequestManager: ________________________________________________________________________________________________________________________________________________________________________________________________________
2020-03-20 04:42:16,574 DEBUG [main] com.microsoft.frameworklauncher.applicationmaster.RequestManager: Pulling AggregatedFrameworkRequest
2020-03-20 04:42:16,615 DEBUG [main] com.microsoft.frameworklauncher.applicationmaster.RequestManager: Pulled AggregatedFrameworkRequest
2020-03-20 04:42:16,658 INFO [main] com.microsoft.frameworklauncher.applicationmaster.RequestManager: ________________________________________________________________________________________________________________________________________________________________________________________________________
2020-03-20 04:42:16,659 INFO [main] com.microsoft.frameworklauncher.applicationmaster.RequestManager: Detected FrameworkDescriptor changes. Updating to new flattened FrameworkDescriptor:
2020-03-20 04:42:16,659 INFO [main] com.microsoft.frameworklauncher.applicationmaster.RequestManager: {
2020-03-20 04:42:16,659 INFO [main] com.microsoft.frameworklauncher.applicationmaster.RequestManager:   "description" : null,
2020-03-20 04:42:16,659 INFO [main] com.microsoft.frameworklauncher.applicationmaster.RequestManager:   "version" : 10,
2020-03-20 04:42:16,659 INFO [main] com.microsoft.frameworklauncher.applicationmaster.RequestManager:   "executionType" : "START",
2020-03-20 04:42:16,659 INFO [main] com.microsoft.frameworklauncher.applicationmaster.RequestManager:   "retryPolicy" : {
2020-03-20 04:42:16,659 INFO [main] com.microsoft.frameworklauncher.applicationmaster.RequestManager:     "fancyRetryPolicy" : true,
2020-03-20 04:42:16,659 INFO [main] com.microsoft.frameworklauncher.applicationmaster.RequestManager:     "maxRetryCount" : 0
2020-03-20 04:42:16,659 INFO [main] com.microsoft.frameworklauncher.applicationmaster.RequestManager:   },
2020-03-20 04:42:16,659 INFO [main] com.microsoft.frameworklauncher.applicationmaster.RequestManager:   "parentFramework" : null,
2020-03-20 04:42:16,659 INFO [main] com.microsoft.frameworklauncher.applicationmaster.RequestManager:   "user" : {
2020-03-20 04:42:16,659 INFO [main] com.microsoft.frameworklauncher.applicationmaster.RequestManager:     "name" : "admin"
2020-03-20 04:42:16,659 INFO [main] com.microsoft.frameworklauncher.applicationmaster.RequestManager:   },
2020-03-20 04:42:16,659 INFO [main] com.microsoft.frameworklauncher.applicationmaster.RequestManager:   "taskRoles" : {
2020-03-20 04:42:16,659 INFO [main] com.microsoft.frameworklauncher.applicationmaster.RequestManager:     "taskrole" : {
2020-03-20 04:42:16,659 INFO [main] com.microsoft.frameworklauncher.applicationmaster.RequestManager:       "taskNumber" : 1,
2020-03-20 04:42:16,659 INFO [main] com.microsoft.frameworklauncher.applicationmaster.RequestManager:       "scaleUnitNumber" : 1,
2020-03-20 04:42:16,659 INFO [main] com.microsoft.frameworklauncher.applicationmaster.RequestManager:       "scaleUnitTimeoutSec" : 0,
2020-03-20 04:42:16,659 INFO [main] com.microsoft.frameworklauncher.applicationmaster.RequestManager:       "taskRetryPolicy" : {
2020-03-20 04:42:16,659 INFO [main] com.microsoft.frameworklauncher.applicationmaster.RequestManager:         "fancyRetryPolicy" : false,
2020-03-20 04:42:16,659 INFO [main] com.microsoft.frameworklauncher.applicationmaster.RequestManager:         "maxRetryCount" : 0
2020-03-20 04:42:16,659 INFO [main] com.microsoft.frameworklauncher.applicationmaster.RequestManager:       },
2020-03-20 04:42:16,659 INFO [main] com.microsoft.frameworklauncher.applicationmaster.RequestManager:       "applicationCompletionPolicy" : {
2020-03-20 04:42:16,659 INFO [main] com.microsoft.frameworklauncher.applicationmaster.RequestManager:         "minFailedTaskCount" : 1,
2020-03-20 04:42:16,659 INFO [main] com.microsoft.frameworklauncher.applicationmaster.RequestManager:         "minSucceededTaskCount" : null
2020-03-20 04:42:16,659 INFO [main] com.microsoft.frameworklauncher.applicationmaster.RequestManager:       },
2020-03-20 04:42:16,659 INFO [main] com.microsoft.frameworklauncher.applicationmaster.RequestManager:       "taskService" : {
2020-03-20 04:42:16,659 INFO [main] com.microsoft.frameworklauncher.applicationmaster.RequestManager:         "version" : 0,
2020-03-20 04:42:16,659 INFO [main] com.microsoft.frameworklauncher.applicationmaster.RequestManager:         "entryPoint" : "source YarnContainerScripts/taskrole.sh",
2020-03-20 04:42:16,660 INFO [main] com.microsoft.frameworklauncher.applicationmaster.RequestManager:         "sourceLocations" : [ "/Container/admin/admin~just-test_3f34372a/YarnContainerScripts" ],
2020-03-20 04:42:16,660 INFO [main] com.microsoft.frameworklauncher.applicationmaster.RequestManager:         "resource" : {
2020-03-20 04:42:16,660 INFO [main] com.microsoft.frameworklauncher.applicationmaster.RequestManager:           "cpuNumber" : 4,
2020-03-20 04:42:16,660 INFO [main] com.microsoft.frameworklauncher.applicationmaster.RequestManager:           "memoryMB" : 8192,
2020-03-20 04:42:16,660 INFO [main] com.microsoft.frameworklauncher.applicationmaster.RequestManager:           "portDefinitions" : {
2020-03-20 04:42:16,660 INFO [main] com.microsoft.frameworklauncher.applicationmaster.RequestManager:             "ssh" : {
2020-03-20 04:42:16,660 INFO [main] com.microsoft.frameworklauncher.applicationmaster.RequestManager:               "start" : 0,
2020-03-20 04:42:16,660 INFO [main] com.microsoft.frameworklauncher.applicationmaster.RequestManager:               "count" : 1
2020-03-20 04:42:16,660 INFO [main] com.microsoft.frameworklauncher.applicationmaster.RequestManager:             },
2020-03-20 04:42:16,660 INFO [main] com.microsoft.frameworklauncher.applicationmaster.RequestManager:             "http" : {
2020-03-20 04:42:16,660 INFO [main] com.microsoft.frameworklauncher.applicationmaster.RequestManager:               "start" : 0,
2020-03-20 04:42:16,660 INFO [main] com.microsoft.frameworklauncher.applicationmaster.RequestManager:               "count" : 1
2020-03-20 04:42:16,660 INFO [main] com.microsoft.frameworklauncher.applicationmaster.RequestManager:             }
2020-03-20 04:42:16,660 INFO [main] com.microsoft.frameworklauncher.applicationmaster.RequestManager:           },
2020-03-20 04:42:16,660 INFO [main] com.microsoft.frameworklauncher.applicationmaster.RequestManager:           "diskType" : "HDD",
2020-03-20 04:42:16,660 INFO [main] com.microsoft.frameworklauncher.applicationmaster.RequestManager:           "diskMB" : 0,
2020-03-20 04:42:16,660 INFO [main] com.microsoft.frameworklauncher.applicationmaster.RequestManager:           "gpuNumber" : 1,
2020-03-20 04:42:16,660 INFO [main] com.microsoft.frameworklauncher.applicationmaster.RequestManager:           "gpuAttribute" : 0
2020-03-20 04:42:16,660 INFO [main] com.microsoft.frameworklauncher.applicationmaster.RequestManager:         }
2020-03-20 04:42:16,660 INFO [main] com.microsoft.frameworklauncher.applicationmaster.RequestManager:       },
2020-03-20 04:42:16,660 INFO [main] com.microsoft.frameworklauncher.applicationmaster.RequestManager:       "platformSpecificParameters" : {
2020-03-20 04:42:16,660 INFO [main] com.microsoft.frameworklauncher.applicationmaster.RequestManager:         "taskNodeLabel" : null,
2020-03-20 04:42:16,660 INFO [main] com.microsoft.frameworklauncher.applicationmaster.RequestManager:         "taskNodeGpuType" : null,
2020-03-20 04:42:16,660 INFO [main] com.microsoft.frameworklauncher.applicationmaster.RequestManager:         "samePortAllocation" : false
2020-03-20 04:42:16,660 INFO [main] com.microsoft.frameworklauncher.applicationmaster.RequestManager:       }
2020-03-20 04:42:16,660 INFO [main] com.microsoft.frameworklauncher.applicationmaster.RequestManager:     }
2020-03-20 04:42:16,660 INFO [main] com.microsoft.frameworklauncher.applicationmaster.RequestManager:   },
2020-03-20 04:42:16,660 INFO [main] com.microsoft.frameworklauncher.applicationmaster.RequestManager:   "platformSpecificParameters" : {
2020-03-20 04:42:16,660 INFO [main] com.microsoft.frameworklauncher.applicationmaster.RequestManager:     "amResource" : {
2020-03-20 04:42:16,660 INFO [main] com.microsoft.frameworklauncher.applicationmaster.RequestManager:       "cpuNumber" : 1,
2020-03-20 04:42:16,660 INFO [main] com.microsoft.frameworklauncher.applicationmaster.RequestManager:       "memoryMB" : 1024,
2020-03-20 04:42:16,660 INFO [main] com.microsoft.frameworklauncher.applicationmaster.RequestManager:       "portDefinitions" : { },
2020-03-20 04:42:16,660 INFO [main] com.microsoft.frameworklauncher.applicationmaster.RequestManager:       "diskType" : "HDD",
2020-03-20 04:42:16,660 INFO [main] com.microsoft.frameworklauncher.applicationmaster.RequestManager:       "diskMB" : 0,
2020-03-20 04:42:16,660 INFO [main] com.microsoft.frameworklauncher.applicationmaster.RequestManager:       "gpuNumber" : 0,
2020-03-20 04:42:16,660 INFO [main] com.microsoft.frameworklauncher.applicationmaster.RequestManager:       "gpuAttribute" : 0
2020-03-20 04:42:16,660 INFO [main] com.microsoft.frameworklauncher.applicationmaster.RequestManager:     },
2020-03-20 04:42:16,660 INFO [main] com.microsoft.frameworklauncher.applicationmaster.RequestManager:     "amNodeLabel" : null,
2020-03-20 04:42:16,660 INFO [main] com.microsoft.frameworklauncher.applicationmaster.RequestManager:     "taskNodeLabel" : null,
2020-03-20 04:42:16,660 INFO [main] com.microsoft.frameworklauncher.applicationmaster.RequestManager:     "taskNodeGpuType" : null,
2020-03-20 04:42:16,661 INFO [main] com.microsoft.frameworklauncher.applicationmaster.RequestManager:     "queue" : "default",
2020-03-20 04:42:16,661 INFO [main] com.microsoft.frameworklauncher.applicationmaster.RequestManager:     "containerConnectionMaxLostCount" : -2,
2020-03-20 04:42:16,661 INFO [main] com.microsoft.frameworklauncher.applicationmaster.RequestManager:     "containerConnectionMaxExceedCount" : 2,
2020-03-20 04:42:16,661 INFO [main] com.microsoft.frameworklauncher.applicationmaster.RequestManager:     "antiaffinityAllocation" : false,
2020-03-20 04:42:16,661 INFO [main] com.microsoft.frameworklauncher.applicationmaster.RequestManager:     "gangAllocation" : true,
2020-03-20 04:42:16,661 INFO [main] com.microsoft.frameworklauncher.applicationmaster.RequestManager:     "skipLocalTriedResource" : true,
2020-03-20 04:42:16,661 INFO [main] com.microsoft.frameworklauncher.applicationmaster.RequestManager:     "amType" : "DEFAULT",
2020-03-20 04:42:16,661 INFO [main] com.microsoft.frameworklauncher.applicationmaster.RequestManager:     "agentUseHeartbeat" : false,
2020-03-20 04:42:16,661 INFO [main] com.microsoft.frameworklauncher.applicationmaster.RequestManager:     "agentHeartbeatIntervalSec" : 30,
2020-03-20 04:42:16,661 INFO [main] com.microsoft.frameworklauncher.applicationmaster.RequestManager:     "agentExpiryIntervalSec" : 180,
2020-03-20 04:42:16,661 INFO [main] com.microsoft.frameworklauncher.applicationmaster.RequestManager:     "agentUseHealthCheck" : false,
2020-03-20 04:42:16,661 INFO [main] com.microsoft.frameworklauncher.applicationmaster.RequestManager:     "taskServiceHealthCheck" : null
2020-03-20 04:42:16,661 INFO [main] com.microsoft.frameworklauncher.applicationmaster.RequestManager:   }
2020-03-20 04:42:16,661 INFO [main] com.microsoft.frameworklauncher.applicationmaster.RequestManager: }
2020-03-20 04:42:16,661 INFO [main] com.microsoft.frameworklauncher.applicationmaster.RequestManager: ________________________________________________________________________________________________________________________________________________________________________________________________________
2020-03-20 04:42:16,661 INFO [main] com.microsoft.frameworklauncher.applicationmaster.ApplicationMaster: onServiceVersionsUpdated: ServiceVersions: {<taskrole = 0>}
2020-03-20 04:42:16,661 INFO [main] com.microsoft.frameworklauncher.applicationmaster.ApplicationMaster: onTaskNumbersUpdated: TaskNumbers: {<taskrole = 1>}
2020-03-20 04:42:16,662 INFO [main] com.microsoft.frameworklauncher.applicationmaster.ApplicationMaster: onStartRMResyncHandler
2020-03-20 04:42:16,662 INFO [main] com.microsoft.frameworklauncher.applicationmaster.RMResyncHandler: Starting RMResyncHandler
2020-03-20 04:42:16,662 INFO [main] com.microsoft.frameworklauncher.applicationmaster.RMResyncHandler: Running RMResyncHandler
2020-03-20 04:42:16,662 INFO [main] com.microsoft.frameworklauncher.applicationmaster.ApplicationMaster: All the previous CONTAINER_RUNNING Tasks have been driven
2020-03-20 04:42:16,662 INFO [main] com.microsoft.frameworklauncher.applicationmaster.ApplicationMaster: onStartTransitionTaskStateQueue
2020-03-20 04:42:16,662 INFO [main] com.microsoft.frameworklauncher.common.service.SystemTaskQueue: Running SystemTaskQueue. Current Queue Length 6.
2020-03-20 04:42:16,662 INFO [main] com.microsoft.frameworklauncher.applicationmaster.ApplicationMaster: Running TransitionTaskStateQueue
2020-03-20 04:42:16,663 INFO [main] com.microsoft.frameworklauncher.applicationmaster.RequestManager: Succeeded to recover com.microsoft.frameworklauncher.applicationmaster.RequestManager.
2020-03-20 04:42:16,663 INFO [main] com.microsoft.frameworklauncher.common.service.AbstractService: Running com.microsoft.frameworklauncher.applicationmaster.RequestManager
2020-03-20 04:42:16,663 INFO [main] com.microsoft.frameworklauncher.common.service.AbstractService: Running com.microsoft.frameworklauncher.applicationmaster.ApplicationMaster
2020-03-20 04:42:16,663 INFO [main] com.microsoft.frameworklauncher.common.service.AbstractService: Initializing com.microsoft.frameworklauncher.applicationmaster.FrameworkInfoPublisher
2020-03-20 04:42:16,663 INFO [main] com.microsoft.frameworklauncher.common.service.AbstractService: Recovering com.microsoft.frameworklauncher.applicationmaster.FrameworkInfoPublisher
2020-03-20 04:42:16,663 INFO [main] com.microsoft.frameworklauncher.common.service.AbstractService: Running com.microsoft.frameworklauncher.applicationmaster.FrameworkInfoPublisher
2020-03-20 04:42:16,673 INFO [Thread-10] com.microsoft.frameworklauncher.applicationmaster.FrameworkInfoPublisher: Publishing FrameworkInfo
2020-03-20 04:42:16,674 INFO [pool-1-thread-1] com.microsoft.frameworklauncher.applicationmaster.StatusManager: [taskrole]: Increase TaskNumber from [0] to [1]
2020-03-20 04:42:16,674 INFO [pool-1-thread-1] com.microsoft.frameworklauncher.applicationmaster.StatusManager: [taskrole]: Add Tasks in TaskIndex range [0, 1). Will request the corresponding Container later.
2020-03-20 04:42:16,675 INFO [pool-1-thread-1] com.microsoft.frameworklauncher.applicationmaster.ApplicationMaster: onOutstandingTaskAppeared[0]: GangAllocation Unsatisfied: Waiting for 1 outstanding Tasks with timeout 1100s.
2020-03-20 04:42:16,678 INFO [pool-1-thread-1] com.microsoft.frameworklauncher.applicationmaster.ApplicationMaster: [taskrole][0]: addContainerRequest: Start
2020-03-20 04:42:16,678 WARN [pool-1-thread-1] com.microsoft.frameworklauncher.applicationmaster.ApplicationMaster: Request Resource does not fit in the Max Resource configured in current cluster, request may fail or never get satisfied: Request Resource: [[MemoryMB: [8192] CpuNumber: [4] GpuNumber: [1] GpuAttribute: [0(0)] PortNumber: [2] PortRanges: [{}]]], Max Resource: [[MemoryMB: [1572864] CpuNumber: [96] GpuNumber: [0] GpuAttribute: [0(0)] PortNumber: [0] PortRanges: [{}]]]
2020-03-20 04:42:16,695 INFO [Thread-10] com.microsoft.frameworklauncher.common.utils.HadoopUtils: [hadoop fs -put -f FrameworkInfo.json /Launcher/admin~just-test_3f34372a/FrameworkInfo.json_TEMP]
2020-03-20 04:42:16,718 DEBUG [pool-1-thread-1] com.microsoft.frameworklauncher.common.model.ResourceDescriptor: Converted ResourceDescriptor: [MemoryMB: [240640] CpuNumber: [64] GpuNumber: [8] GpuAttribute: [255(11111111)] PortNumber: [0] PortRanges: [{[100-4193], [4195-5009], [5011-5019], [5021-5074], [5076-8039], [8043-9099], [9101-9101], [9103-10247], [10251-10254], [10257-13561], [13563-24006], [24008-34833], [34835-34835], [34837-42841], [42843-42845], [42847-43211], [43213-44947], [44949-44949], [44951-44951], [44953-44953], [44955-44957], [44959-44959], [44961-44969], [44971-44971], [44973-44985], [44987-45442], [45444-49151], [49155-60465], [60467-60469], [60471-65364], [65384-65385], [65387-65388], [65390-65393], [65395-65401], [65403-65404], [65406-65412], [65432-65432], [65434-65435], [65437-65438], [65440-65458], [65463-65523], [65525-65527], [65535-65535]}]] from Resource: <memory:240640, vCores:64, GPUs:8, GPUAttribute:255, ports: [100-4193],[4195-5009],[5011-5019],[5021-5074],[5076-8039],[8043-9099],9101,[9103-10247],[10251-10254],[10257-13561],[13563-24006],[24008-34833],34835,[34837-42841],[42843-42845],[42847-43211],[43213-44947],44949,44951,44953,[44955-44957],44959,[44961-44969],44971,[44973-44985],[44987-45442],[45444-49151],[49155-60465],[60467-60469],[60471-65364],[65384-65385],[65387-65388],[65390-65393],[65395-65401],[65403-65404],[65406-65412],65432,[65434-65435],[65437-65438],[65440-65458],[65463-65523],[65525-65527],65535>
2020-03-20 04:42:16,719 DEBUG [pool-1-thread-1] com.microsoft.frameworklauncher.common.model.ResourceDescriptor: Converted ResourceDescriptor: [MemoryMB: [1024] CpuNumber: [1] GpuNumber: [0] GpuAttribute: [0(0)] PortNumber: [0] PortRanges: [{}]] from Resource: <memory:1024, vCores:1, GPUs:0, GPUAttribute:0, ports: >
2020-03-20 04:42:16,720 DEBUG [pool-1-thread-1] com.microsoft.frameworklauncher.applicationmaster.SelectionManager: addNode: {Host: 10.3.1.2, Labels: {}, TotalResource: [MemoryMB: [240640] CpuNumber: [64] GpuNumber: [8] GpuAttribute: [255(11111111)] PortNumber: [0] PortRanges: [{[100-4193], [4195-5009], [5011-5019], [5021-5074], [5076-8039], [8043-9099], [9101-9101], [9103-10247], [10251-10254], [10257-13561], [13563-24006], [24008-34833], [34835-34835], [34837-42841], [42843-42845], [42847-43211], [43213-44947], [44949-44949], [44951-44951], [44953-44953], [44955-44957], [44959-44959], [44961-44969], [44971-44971], [44973-44985], [44987-45442], [45444-49151], [49155-60465], [60467-60469], [60471-65364], [65384-65385], [65387-65388], [65390-65393], [65395-65401], [65403-65404], [65406-65412], [65432-65432], [65434-65435], [65437-65438], [65440-65458], [65463-65523], [65525-65527], [65535-65535]}]], UsedResource: [MemoryMB: [1024] CpuNumber: [1] GpuNumber: [0] GpuAttribute: [0(0)] PortNumber: [0] PortRanges: [{}]], RequestedResource: [MemoryMB: [0] CpuNumber: [0] GpuNumber: [0] GpuAttribute: [0(0)] PortNumber: [0] PortRanges: [{}]]}
2020-03-20 04:42:16,729 DEBUG [pool-1-thread-1] com.microsoft.frameworklauncher.common.model.ResourceDescriptor: Converted ResourceDescriptor: [MemoryMB: [240640] CpuNumber: [64] GpuNumber: [8] GpuAttribute: [255(11111111)] PortNumber: [0] PortRanges: [{[100-136], [140-442], [444-444], [446-1513], [1515-2180], [2182-2379], [2381-2999], [3001-4000], [4002-4193], [4195-5009], [5011-5019], [5021-5069], [5071-5074], [5076-6009], [6011-6442], [6444-8029], [8034-8039], [8043-8079], [8082-8087], [8089-8187], [8189-8999], [9001-9085], [9087-9089], [9092-9099], [9103-9185], [9187-9285], [9287-9458], [9460-9992], [9994-10019], [10021-10032], [10034-10199], [10201-10247], [10253-10254], [10257-13561], [13563-19887], [19889-33131], [33133-33399], [33401-33694], [33696-33777], [33779-34008], [34010-34125], [34128-34195], [34197-35109], [35111-35229], [35231-35337], [35339-35501], [35503-37189], [37191-37241], [37243-37297], [37299-38155], [38157-38355], [38357-38993], [38995-39061], [39063-39063], [39065-39073], [39075-39075], [39077-39077], [39079-39079], [39081-39081], [39083-39083], [39085-39085], [39087-39087], [39089-39089], [39091-39091], [39093-39093], [39095-39095], [39097-39097], [39099-39099], [39101-39101], [39103-39103], [39105-39105], [39107-39107], [39109-39109], [39111-39111], [39113-39113], [39115-39115], [39117-39117], [39119-39119], [39121-39121], [39123-39123], [39125-39125], [39127-39127], [39129-39129], [39131-39131], [39133-39133], [39135-39135], [39137-39137], [39139-39139], [39141-39141], [39143-39143], [39145-39145], [39147-39147], [39149-39149], [39151-39151], [39153-39153], [39155-39155], [39157-39157], [39159-39159], [39161-39161], [39163-39163], [39165-39165], [39167-39167], [39169-39169], [39171-39171], [39173-39173], [39175-39175], [39177-39177], [39179-39179], [39181-39181], [39183-39183], [39185-39185], [39187-39187], [39189-39223], [39225-39729], [39731-39733], [39735-39737], [39739-40369], [40371-40445], [40447-40717], [40719-41159], [41161-41449], [41451-44349], [44351-44429], [44431-44595], [44597-44789], [44791-44793], [44795-44799], [44801-44801], [44803-44821], [44823-44827], [44829-45517], [45519-46375], [46377-46377], [46379-46379], [46381-46381], [46383-46383], [46385-46385], [46387-46387], [46389-46389], [46391-46391], [46393-46393], [46395-46395], [46397-46397], [46399-46399], [46401-46403], [46405-46407], [46409-46409], [46411-46411], [46413-46413], [46415-46415], [46417-46417], [46419-46421], [46423-46425], [46427-46427], [46429-46429], [46431-46431], [46433-46433], [46435-46435], [46437-46437], [46439-46439], [46441-46445], [46447-46449], [46451-46453], [46455-46455], [46457-46461], [46463-46463], [46465-46465], [46467-46467], [46469-46469], [46471-46471], [46473-46473], [46475-46475], [46477-46477], [46479-46479], [46481-46483], [46485-46485], [46487-46487], [46489-46489], [46491-46491], [46493-46493], [46495-46495], [46497-46497], [46499-46501], [46503-46503], [46505-46505], [46507-46595], [46597-46601], [46603-46611], [46613-46613], [46615-46801], [46803-46817], [46819-46839], [46841-46877], [46879-46879], [46881-46947], [46949-46949], [46951-46951], [46953-46953], [46955-46967], [46969-46985], [46987-46987], [46989-46989], [46991-46991], [46993-46993], [46995-47007], [47009-47031], [47033-47035], [47037-47037], [47039-47039], [47041-47041], [47043-47045], [47047-47047], [47049-47049], [47051-47051], [47054-47055], [47057-47057], [47059-47059], [47061-47061], [47063-47217], [47219-47739], [47741-48395], [48397-48467], [48469-48635], [48637-48637], [48639-48645], [48647-48659], [48661-48697], [48699-48801], [48803-48823], [48825-48891], [48893-49083], [49085-49117], [49120-49173], [49175-49283], [49285-49321], [49323-49487], [49489-50069], [50071-50765], [50767-51213], [51215-51847], [51849-51911], [51913-52323], [52325-52653], [52655-53629], [53631-54807], [54809-54809], [54811-54985], [54987-54989], [54991-54993], [54995-55693], [55695-55695], [55697-55893], [55895-55895], [55897-56811], [56813-58357], [58359-58359], [58361-58769], [58771-59495], [59497-59757], [59759-59781], [59783-60005], [60007-60011], [60013-60045], [60047-60049], [60051-60057], [60059-60077], [60079-60083], [60085-65535]}]] from Resource: <memory:240640, vCores:64, GPUs:8, GPUAttribute:255, ports: [100-136],[140-442],444,[446-1513],[1515-2180],[2182-2379],[2381-2999],[3001-4000],[4002-4193],[4195-5009],[5011-5019],[5021-5069],[5071-5074],[5076-6009],[6011-6442],[6444-8029],[8034-8039],[8043-8079],[8082-8087],[8089-8187],[8189-8999],[9001-9085],[9087-9089],[9092-9099],[9103-9185],[9187-9285],[9287-9458],[9460-9992],[9994-10019],[10021-10032],[10034-10199],[10201-10247],[10253-10254],[10257-13561],[13563-19887],[19889-33131],[33133-33399],[33401-33694],[33696-33777],[33779-34008],[34010-34125],[34128-34195],[34197-35109],[35111-35229],[35231-35337],[35339-35501],[35503-37189],[37191-37241],[37243-37297],[37299-38155],[38157-38355],[38357-38993],[38995-39061],39063,[39065-39073],39075,39077,39079,39081,39083,39085,39087,39089,39091,39093,39095,39097,39099,39101,39103,39105,39107,39109,39111,39113,39115,39117,39119,39121,39123,39125,39127,39129,39131,39133,39135,39137,39139,39141,39143,39145,39147,39149,39151,39153,39155,39157,39159,39161,39163,39165,39167,39169,39171,39173,39175,39177,39179,39181,39183,39185,39187,[39189-39223],[39225-39729],[39731-39733],[39735-39737],[39739-40369],[40371-40445],[40447-40717],[40719-41159],[41161-41449],[41451-44349],[44351-44429],[44431-44595],[44597-44789],[44791-44793],[44795-44799],44801,[44803-44821],[44823-44827],[44829-45517],[45519-46375],46377,46379,46381,46383,46385,46387,46389,46391,46393,46395,46397,46399,[46401-46403],[46405-46407],46409,46411,46413,46415,46417,[46419-46421],[46423-46425],46427,46429,46431,46433,46435,46437,46439,[46441-46445],[46447-46449],[46451-46453],46455,[46457-46461],46463,46465,46467,46469,46471,46473,46475,46477,46479,[46481-46483],46485,46487,46489,46491,46493,46495,46497,[46499-46501],46503,46505,[46507-46595],[46597-46601],[46603-46611],46613,[46615-46801],[46803-46817],[46819-46839],[46841-46877],46879,[46881-46947],46949,46951,46953,[46955-46967],[46969-46985],46987,46989,46991,46993,[46995-47007],[47009-47031],[47033-47035],47037,47039,47041,[47043-47045],47047,47049,47051,[47054-47055],47057,47059,47061,[47063-47217],[47219-47739],[47741-48395],[48397-48467],[48469-48635],48637,[48639-48645],[48647-48659],[48661-48697],[48699-48801],[48803-48823],[48825-48891],[48893-49083],[49085-49117],[49120-49173],[49175-49283],[49285-49321],[49323-49487],[49489-50069],[50071-50765],[50767-51213],[51215-51847],[51849-51911],[51913-52323],[52325-52653],[52655-53629],[53631-54807],54809,[54811-54985],[54987-54989],[54991-54993],[54995-55693],55695,[55697-55893],55895,[55897-56811],[56813-58357],58359,[58361-58769],[58771-59495],[59497-59757],[59759-59781],[59783-60005],[60007-60011],[60013-60045],[60047-60049],[60051-60057],[60059-60077],[60079-60083],[60085-65535]>
2020-03-20 04:42:16,730 DEBUG [pool-1-thread-1] com.microsoft.frameworklauncher.common.model.ResourceDescriptor: Converted ResourceDescriptor: [MemoryMB: [0] CpuNumber: [0] GpuNumber: [0] GpuAttribute: [0(0)] PortNumber: [0] PortRanges: [{}]] from Resource: <memory:0, vCores:0, GPUs:0, GPUAttribute:0, ports: null>
2020-03-20 04:42:16,732 DEBUG [pool-1-thread-1] com.microsoft.frameworklauncher.applicationmaster.SelectionManager: addNode: {Host: 10.3.1.12, Labels: {}, TotalResource: [MemoryMB: [240640] CpuNumber: [64] GpuNumber: [8] GpuAttribute: [255(11111111)] PortNumber: [0] PortRanges: [{[100-136], [140-442], [444-444], [446-1513], [1515-2180], [2182-2379], [2381-2999], [3001-4000], [4002-4193], [4195-5009], [5011-5019], [5021-5069], [5071-5074], [5076-6009], [6011-6442], [6444-8029], [8034-8039], [8043-8079], [8082-8087], [8089-8187], [8189-8999], [9001-9085], [9087-9089], [9092-9099], [9103-9185], [9187-9285], [9287-9458], [9460-9992], [9994-10019], [10021-10032], [10034-10199], [10201-10247], [10253-10254], [10257-13561], [13563-19887], [19889-33131], [33133-33399], [33401-33694], [33696-33777], [33779-34008], [34010-34125], [34128-34195], [34197-35109], [35111-35229], [35231-35337], [35339-35501], [35503-37189], [37191-37241], [37243-37297], [37299-38155], [38157-38355], [38357-38993], [38995-39061], [39063-39063], [39065-39073], [39075-39075], [39077-39077], [39079-39079], [39081-39081], [39083-39083], [39085-39085], [39087-39087], [39089-39089], [39091-39091], [39093-39093], [39095-39095], [39097-39097], [39099-39099], [39101-39101], [39103-39103], [39105-39105], [39107-39107], [39109-39109], [39111-39111], [39113-39113], [39115-39115], [39117-39117], [39119-39119], [39121-39121], [39123-39123], [39125-39125], [39127-39127], [39129-39129], [39131-39131], [39133-39133], [39135-39135], [39137-39137], [39139-39139], [39141-39141], [39143-39143], [39145-39145], [39147-39147], [39149-39149], [39151-39151], [39153-39153], [39155-39155], [39157-39157], [39159-39159], [39161-39161], [39163-39163], [39165-39165], [39167-39167], [39169-39169], [39171-39171], [39173-39173], [39175-39175], [39177-39177], [39179-39179], [39181-39181], [39183-39183], [39185-39185], [39187-39187], [39189-39223], [39225-39729], [39731-39733], [39735-39737], [39739-40369], [40371-40445], [40447-40717], [40719-41159], [41161-41449], [41451-44349], [44351-44429], [44431-44595], [44597-44789], [44791-44793], [44795-44799], [44801-44801], [44803-44821], [44823-44827], [44829-45517], [45519-46375], [46377-46377], [46379-46379], [46381-46381], [46383-46383], [46385-46385], [46387-46387], [46389-46389], [46391-46391], [46393-46393], [46395-46395], [46397-46397], [46399-46399], [46401-46403], [46405-46407], [46409-46409], [46411-46411], [46413-46413], [46415-46415], [46417-46417], [46419-46421], [46423-46425], [46427-46427], [46429-46429], [46431-46431], [46433-46433], [46435-46435], [46437-46437], [46439-46439], [46441-46445], [46447-46449], [46451-46453], [46455-46455], [46457-46461], [46463-46463], [46465-46465], [46467-46467], [46469-46469], [46471-46471], [46473-46473], [46475-46475], [46477-46477], [46479-46479], [46481-46483], [46485-46485], [46487-46487], [46489-46489], [46491-46491], [46493-46493], [46495-46495], [46497-46497], [46499-46501], [46503-46503], [46505-46505], [46507-46595], [46597-46601], [46603-46611], [46613-46613], [46615-46801], [46803-46817], [46819-46839], [46841-46877], [46879-46879], [46881-46947], [46949-46949], [46951-46951], [46953-46953], [46955-46967], [46969-46985], [46987-46987], [46989-46989], [46991-46991], [46993-46993], [46995-47007], [47009-47031], [47033-47035], [47037-47037], [47039-47039], [47041-47041], [47043-47045], [47047-47047], [47049-47049], [47051-47051], [47054-47055], [47057-47057], [47059-47059], [47061-47061], [47063-47217], [47219-47739], [47741-48395], [48397-48467], [48469-48635], [48637-48637], [48639-48645], [48647-48659], [48661-48697], [48699-48801], [48803-48823], [48825-48891], [48893-49083], [49085-49117], [49120-49173], [49175-49283], [49285-49321], [49323-49487], [49489-50069], [50071-50765], [50767-51213], [51215-51847], [51849-51911], [51913-52323], [52325-52653], [52655-53629], [53631-54807], [54809-54809], [54811-54985], [54987-54989], [54991-54993], [54995-55693], [55695-55695], [55697-55893], [55895-55895], [55897-56811], [56813-58357], [58359-58359], [58361-58769], [58771-59495], [59497-59757], [59759-59781], [59783-60005], [60007-60011], [60013-60045], [60047-60049], [60051-60057], [60059-60077], [60079-60083], [60085-65535]}]], UsedResource: [MemoryMB: [0] CpuNumber: [0] GpuNumber: [0] GpuAttribute: [0(0)] PortNumber: [0] PortRanges: [{}]], RequestedResource: [MemoryMB: [0] CpuNumber: [0] GpuNumber: [0] GpuAttribute: [0(0)] PortNumber: [0] PortRanges: [{}]]}
2020-03-20 04:42:16,734 DEBUG [pool-1-thread-1] com.microsoft.frameworklauncher.common.model.ResourceDescriptor: Converted ResourceDescriptor: [MemoryMB: [240640] CpuNumber: [64] GpuNumber: [8] GpuAttribute: [255(11111111)] PortNumber: [0] PortRanges: [{[100-4193], [4195-5009], [5011-5019], [5021-5074], [5076-8039], [8043-9099], [9101-9101], [9103-10247], [10251-10254], [10257-13561], [13563-24006], [24008-37745], [37747-37753], [37755-41211], [41213-41221], [41223-42035], [42037-42177], [42179-42179], [42181-42181], [42183-42183], [42185-42187], [42189-42189], [42191-42191], [42193-42199], [42201-42209], [42211-42699], [42701-42707], [42709-44667], [44669-45639], [45641-45647], [45649-46751], [46753-49151], [49155-65364], [65378-65378], [65380-65381], [65384-65385], [65388-65388], [65390-65390], [65392-65392], [65394-65394], [65396-65397], [65399-65400], [65402-65404], [65406-65406], [65408-65410], [65412-65415], [65428-65428], [65431-65433], [65435-65435], [65437-65438], [65440-65440], [65442-65442], [65444-65458], [65463-65523], [65525-65527], [65535-65535]}]] from Resource: <memory:240640, vCores:64, GPUs:8, GPUAttribute:255, ports: [100-4193],[4195-5009],[5011-5019],[5021-5074],[5076-8039],[8043-9099],9101,[9103-10247],[10251-10254],[10257-13561],[13563-24006],[24008-37745],[37747-37753],[37755-41211],[41213-41221],[41223-42035],[42037-42177],42179,42181,42183,[42185-42187],42189,42191,[42193-42199],[42201-42209],[42211-42699],[42701-42707],[42709-44667],[44669-45639],[45641-45647],[45649-46751],[46753-49151],[49155-65364],65378,[65380-65381],[65384-65385],65388,65390,65392,65394,[65396-65397],[65399-65400],[65402-65404],65406,[65408-65410],[65412-65415],65428,[65431-65433],65435,[65437-65438],65440,65442,[65444-65458],[65463-65523],[65525-65527],65535>
2020-03-20 04:42:16,734 DEBUG [pool-1-thread-1] com.microsoft.frameworklauncher.common.model.ResourceDescriptor: Converted ResourceDescriptor: [MemoryMB: [0] CpuNumber: [0] GpuNumber: [0] GpuAttribute: [0(0)] PortNumber: [0] PortRanges: [{}]] from Resource: <memory:0, vCores:0, GPUs:0, GPUAttribute:0, ports: >
2020-03-20 04:42:16,735 DEBUG [pool-1-thread-1] com.microsoft.frameworklauncher.applicationmaster.SelectionManager: addNode: {Host: 10.3.1.3, Labels: {}, TotalResource: [MemoryMB: [240640] CpuNumber: [64] GpuNumber: [8] GpuAttribute: [255(11111111)] PortNumber: [0] PortRanges: [{[100-4193], [4195-5009], [5011-5019], [5021-5074], [5076-8039], [8043-9099], [9101-9101], [9103-10247], [10251-10254], [10257-13561], [13563-24006], [24008-37745], [37747-37753], [37755-41211], [41213-41221], [41223-42035], [42037-42177], [42179-42179], [42181-42181], [42183-42183], [42185-42187], [42189-42189], [42191-42191], [42193-42199], [42201-42209], [42211-42699], [42701-42707], [42709-44667], [44669-45639], [45641-45647], [45649-46751], [46753-49151], [49155-65364], [65378-65378], [65380-65381], [65384-65385], [65388-65388], [65390-65390], [65392-65392], [65394-65394], [65396-65397], [65399-65400], [65402-65404], [65406-65406], [65408-65410], [65412-65415], [65428-65428], [65431-65433], [65435-65435], [65437-65438], [65440-65440], [65442-65442], [65444-65458], [65463-65523], [65525-65527], [65535-65535]}]], UsedResource: [MemoryMB: [0] CpuNumber: [0] GpuNumber: [0] GpuAttribute: [0(0)] PortNumber: [0] PortRanges: [{}]], RequestedResource: [MemoryMB: [0] CpuNumber: [0] GpuNumber: [0] GpuAttribute: [0(0)] PortNumber: [0] PortRanges: [{}]]}
2020-03-20 04:42:16,735 INFO [pool-1-thread-1] com.microsoft.frameworklauncher.applicationmaster.SelectionManager: select: TaskRole: [taskrole] Resource: [[MemoryMB: [8192] CpuNumber: [4] GpuNumber: [1] GpuAttribute: [0(0)] PortNumber: [2] PortRanges: [{}]]]
2020-03-20 04:42:16,735 INFO [pool-1-thread-1] com.microsoft.frameworklauncher.applicationmaster.SelectionManager: select: Request: Resource: [[MemoryMB: [8192] CpuNumber: [4] GpuNumber: [1] GpuAttribute: [0(0)] PortNumber: [2] PortRanges: [{}]]], NodeLabel: [null], NodeGpuType: [null], StartStatesTaskCount: [1], ReusedPorts: [{}]
2020-03-20 04:42:16,754 DEBUG [pool-1-thread-1] com.microsoft.frameworklauncher.applicationmaster.SelectionManager: SelectPorts: optimizedRequestResource: [[MemoryMB: [8192] CpuNumber: [4] GpuNumber: [1] GpuAttribute: [0(0)] PortNumber: [2] PortRanges: [{}]]]
2020-03-20 04:42:16,754 INFO [pool-1-thread-1] com.microsoft.frameworklauncher.applicationmaster.SelectionManager: select: select ports from all filteredNodes: {[8325-8326]}
2020-03-20 04:42:16,833 DEBUG [pool-1-thread-1] com.microsoft.frameworklauncher.applicationmaster.SelectionManager: selectNodes: Selected candidate: 10.3.1.2 Node Available gpuAttribute:255(11111111) Selected gpuAttribute:1(1)
2020-03-20 04:42:16,836 DEBUG [pool-1-thread-1] com.microsoft.frameworklauncher.applicationmaster.SelectionManager: selectNodes: Selected candidate: 10.3.1.12 Node Available gpuAttribute:255(11111111) Selected gpuAttribute:1(1)
2020-03-20 04:42:16,838 DEBUG [pool-1-thread-1] com.microsoft.frameworklauncher.applicationmaster.SelectionManager: selectSingleNode: Selected: 10.3.1.2 optimizedRequestResource:[MemoryMB: [8192] CpuNumber: [4] GpuNumber: [1] GpuAttribute: [1(1)] PortNumber: [0] PortRanges: [{[8325-8326]}]]
2020-03-20 04:42:16,842 DEBUG [pool-1-thread-1] com.microsoft.frameworklauncher.common.model.ResourceDescriptor: Converted ResourceDescriptor: [MemoryMB: [8192] CpuNumber: [4] GpuNumber: [1] GpuAttribute: [1(1)] PortNumber: [0] PortRanges: [{[8325-8326]}]] to Resource: <memory:8192, vCores:4, GPUs:1, GPUAttribute:1, ports: [8325-8326]>
2020-03-20 04:42:16,851 DEBUG [pool-1-thread-1] com.microsoft.frameworklauncher.common.model.ResourceDescriptor: Converted ResourceDescriptor: [MemoryMB: [8192] CpuNumber: [4] GpuNumber: [1] GpuAttribute: [1(1)] PortNumber: [0] PortRanges: [{[8325-8326]}]] from Resource: <memory:8192, vCores:4, GPUs:1, GPUAttribute:1, ports: [8325-8326]>
2020-03-20 04:42:16,855 INFO [pool-1-thread-1] com.microsoft.frameworklauncher.applicationmaster.ApplicationMaster: [taskrole][0]: addContainerRequest: Send ContainerRequest to RM with timeout 111s. ContainerRequest: [Priority: [0] Resource: [MemoryMB: [8192] CpuNumber: [4] GpuNumber: [1] GpuAttribute: [1(1)] PortNumber: [0] PortRanges: [{[8325-8326]}]] NodeLabel: [null] RelaxLocality: [false] HostNames: {10.3.1.2} RackNames: {}]
2020-03-20 04:42:16,864 DEBUG [pool-1-thread-1] com.microsoft.frameworklauncher.common.model.ResourceDescriptor: Converted ResourceDescriptor: [MemoryMB: [8192] CpuNumber: [4] GpuNumber: [1] GpuAttribute: [1(1)] PortNumber: [0] PortRanges: [{[8325-8326]}]] from Resource: <memory:8192, vCores:4, GPUs:1, GPUAttribute:1, ports: [8325-8326]>
2020-03-20 04:42:16,866 INFO [pool-1-thread-1] com.microsoft.frameworklauncher.applicationmaster.StatusManager: Transitioned Task [taskrole][0] from [TASK_WAITING] to [CONTAINER_REQUESTED]
2020-03-20 04:42:16,917 INFO [Thread-10] com.microsoft.frameworklauncher.common.utils.HadoopUtils: [hadoop fs -mv -f /Launcher/admin~just-test_3f34372a/FrameworkInfo.json_TEMP /Launcher/admin~just-test_3f34372a/FrameworkInfo.json]
2020-03-20 04:42:16,922 INFO [Thread-10] com.microsoft.frameworklauncher.applicationmaster.FrameworkInfoPublisher: Published FrameworkInfo
2020-03-20 04:42:18,883 INFO [AMRM Callback Handler Thread] com.microsoft.frameworklauncher.applicationmaster.ApplicationMaster: onContainersAllocated: Allocated Containers: 1.
2020-03-20 04:42:18,884 INFO [pool-1-thread-1] com.microsoft.frameworklauncher.applicationmaster.ApplicationMaster: allocateContainer: Try to Allocate 1 Containers to Tasks
2020-03-20 04:42:18,885 DEBUG [pool-1-thread-1] com.microsoft.frameworklauncher.common.model.ResourceDescriptor: Converted ResourceDescriptor: [MemoryMB: [8192] CpuNumber: [4] GpuNumber: [1] GpuAttribute: [1(1)] PortNumber: [0] PortRanges: [{[8325-8326]}]] from Resource: <memory:8192, vCores:4, GPUs:1, GPUAttribute:1, ports: [8325-8326]>
2020-03-20 04:42:18,885 INFO [pool-1-thread-1] com.microsoft.frameworklauncher.applicationmaster.ApplicationMaster: [container_e10_1584673981652_0005_01_000002]: allocateContainer: Try to Allocate Container to Task: Container: ContainerId: [container_e10_1584673981652_0005_01_000002] Priority: [0] Resource: [MemoryMB: [8192] CpuNumber: [4] GpuNumber: [1] GpuAttribute: [1(1)] PortNumber: [0] PortRanges: [{[8325-8326]}]] NodeId: [HostName: [10.3.1.2] Port: [8041]]
2020-03-20 04:42:18,886 DEBUG [pool-1-thread-1] com.microsoft.frameworklauncher.common.model.ResourceDescriptor: Converted ResourceDescriptor: [MemoryMB: [8192] CpuNumber: [4] GpuNumber: [1] GpuAttribute: [1(1)] PortNumber: [0] PortRanges: [{[8325-8326]}]] from Resource: <memory:8192, vCores:4, GPUs:1, GPUAttribute:1, ports: [8325-8326]>
2020-03-20 04:42:18,891 DEBUG [pool-1-thread-1] com.microsoft.frameworklauncher.common.model.ResourceDescriptor: Converted ResourceDescriptor: [MemoryMB: [8192] CpuNumber: [4] GpuNumber: [1] GpuAttribute: [1(1)] PortNumber: [0] PortRanges: [{[8325-8326]}]] from Resource: <memory:8192, vCores:4, GPUs:1, GPUAttribute:1, ports: [8325-8326]>
2020-03-20 04:42:18,892 DEBUG [pool-1-thread-1] com.microsoft.frameworklauncher.common.model.ResourceDescriptor: Converted ResourceDescriptor: [MemoryMB: [8192] CpuNumber: [4] GpuNumber: [1] GpuAttribute: [1(1)] PortNumber: [0] PortRanges: [{[8325-8326]}]] from Resource: <memory:8192, vCores:4, GPUs:1, GPUAttribute:1, ports: [8325-8326]>
2020-03-20 04:42:18,892 DEBUG [pool-1-thread-1] com.microsoft.frameworklauncher.common.model.ResourceDescriptor: Converted ResourceDescriptor: [MemoryMB: [8192] CpuNumber: [4] GpuNumber: [1] GpuAttribute: [1(1)] PortNumber: [0] PortRanges: [{[8325-8326]}]] from Resource: <memory:8192, vCores:4, GPUs:1, GPUAttribute:1, ports: [8325-8326]>
2020-03-20 04:42:18,893 INFO [pool-1-thread-1] com.microsoft.frameworklauncher.applicationmaster.StatusManager: Associated Task [taskrole][0] with Container container_e10_1584673981652_0005_01_000002
2020-03-20 04:42:18,893 INFO [pool-1-thread-1] com.microsoft.frameworklauncher.applicationmaster.StatusManager: Transitioned Task [taskrole][0] from [CONTAINER_REQUESTED] to [CONTAINER_ALLOCATED]
2020-03-20 04:42:18,893 INFO [pool-1-thread-1] com.microsoft.frameworklauncher.applicationmaster.ApplicationMaster: onOutstandingTaskDisappeared: GangAllocation Satisfied: Schedule to Launch allocated Tasks if any.
2020-03-20 04:42:18,894 INFO [pool-1-thread-1] com.microsoft.frameworklauncher.applicationmaster.ApplicationMaster: [taskrole][0][container_e10_1584673981652_0005_01_000002]: Succeeded to Allocate Container to Task
2020-03-20 04:42:18,894 INFO [pool-1-thread-1] com.microsoft.frameworklauncher.applicationmaster.ApplicationMaster: onOutstandingTaskDisappeared: GangAllocation Satisfied: Launch 1 allocated Tasks.
2020-03-20 04:42:18,894 INFO [pool-1-thread-1] com.microsoft.frameworklauncher.applicationmaster.ApplicationMaster: [taskrole][0][container_e10_1584673981652_0005_01_000002]: launchContainer
2020-03-20 04:42:18,897 INFO [pool-1-thread-1] com.microsoft.frameworklauncher.common.utils.HadoopUtils: [hadoop fs -stat %Y /Container/admin/admin~just-test_3f34372a/YarnContainerScripts]
2020-03-20 04:42:19,028 INFO [pool-1-thread-1] com.microsoft.frameworklauncher.applicationmaster.StatusManager: Transitioned Task [taskrole][0] from [CONTAINER_ALLOCATED] to [CONTAINER_LAUNCHED]
2020-03-20 04:42:19,149 INFO [pool-1-thread-1] com.microsoft.frameworklauncher.applicationmaster.ApplicationMaster: ________________________________________________________________________________________________________________________________________________________________________________________________________
2020-03-20 04:42:19,149 INFO [pool-1-thread-1] com.microsoft.frameworklauncher.applicationmaster.ApplicationMaster: [taskrole][0][container_e10_1584673981652_0005_01_000002]: onContainerStartSucceeded
2020-03-20 04:42:19,149 INFO [pool-1-thread-1] com.microsoft.frameworklauncher.applicationmaster.ApplicationMaster: [taskrole][0]: ContainerLogHttpAddress: http://10.3.1.2:8042/node/containerlogs/container_e10_1584673981652_0005_01_000002/admin/
2020-03-20 04:42:19,149 INFO [pool-1-thread-1] com.microsoft.frameworklauncher.applicationmaster.ApplicationMaster: [taskrole][0]: ContainerLogNetworkPath: 10.3.1.2:/var/lib/yarn/userlogs/application_1584673981652_0005/container_e10_1584673981652_0005_01_000002
2020-03-20 04:42:19,149 INFO [pool-1-thread-1] com.microsoft.frameworklauncher.applicationmaster.ApplicationMaster: [taskrole][0]: ContainerCacheNetworkPath: 10.3.1.2:/var/lib/hadoopdata/nm-local-dir/usercache/admin/appcache/application_1584673981652_0005/container_e10_1584673981652_0005_01_000002
2020-03-20 04:42:19,149 INFO [pool-1-thread-1] com.microsoft.frameworklauncher.applicationmaster.ApplicationMaster: ________________________________________________________________________________________________________________________________________________________________________________________________________
2020-03-20 04:42:19,149 INFO [pool-1-thread-1] com.microsoft.frameworklauncher.applicationmaster.StatusManager: Transitioned Task [taskrole][0] from [CONTAINER_LAUNCHED] to [CONTAINER_RUNNING]
2020-03-20 04:42:36,424 INFO [Thread-8] com.microsoft.frameworklauncher.applicationmaster.StatusManager: [taskrole]: Pushing TaskRoleStatus
2020-03-20 04:42:36,442 INFO [Thread-8] com.microsoft.frameworklauncher.applicationmaster.StatusManager: [taskrole]: Pushed TaskRoleStatus
2020-03-20 04:42:36,442 INFO [Thread-8] com.microsoft.frameworklauncher.applicationmaster.StatusManager: [taskrole]: Pushing TaskStatuses
2020-03-20 04:42:36,487 INFO [Thread-8] com.microsoft.frameworklauncher.applicationmaster.StatusManager: TaskStateCounters: [taskrole][CONTAINER_RUNNING]: Count 1
2020-03-20 04:42:36,487 INFO [Thread-8] com.microsoft.frameworklauncher.applicationmaster.StatusManager: [taskrole]: Pushed TaskStatuses
2020-03-20 04:42:36,670 DEBUG [Thread-9] com.microsoft.frameworklauncher.applicationmaster.RequestManager: Pulling LauncherRequest
2020-03-20 04:42:36,672 DEBUG [Thread-9] com.microsoft.frameworklauncher.applicationmaster.RequestManager: Pulled LauncherRequest
2020-03-20 04:42:36,674 DEBUG [Thread-9] com.microsoft.frameworklauncher.applicationmaster.RequestManager: Pulling AggregatedFrameworkRequest
2020-03-20 04:42:36,680 DEBUG [Thread-9] com.microsoft.frameworklauncher.applicationmaster.RequestManager: Pulled AggregatedFrameworkRequest
2020-03-20 04:42:36,954 INFO [Thread-10] com.microsoft.frameworklauncher.applicationmaster.FrameworkInfoPublisher: Publishing FrameworkInfo
2020-03-20 04:42:36,963 INFO [Thread-10] com.microsoft.frameworklauncher.common.utils.HadoopUtils: [hadoop fs -put -f FrameworkInfo.json /Launcher/admin~just-test_3f34372a/FrameworkInfo.json_TEMP]
2020-03-20 04:42:37,004 INFO [Thread-10] com.microsoft.frameworklauncher.common.utils.HadoopUtils: [hadoop fs -mv -f /Launcher/admin~just-test_3f34372a/FrameworkInfo.json_TEMP /Launcher/admin~just-test_3f34372a/FrameworkInfo.json]
2020-03-20 04:42:37,006 INFO [Thread-10] com.microsoft.frameworklauncher.applicationmaster.FrameworkInfoPublisher: Published FrameworkInfo
2020-03-20 04:42:56,691 DEBUG [Thread-9] com.microsoft.frameworklauncher.applicationmaster.RequestManager: Pulling LauncherRequest
2020-03-20 04:42:56,693 DEBUG [Thread-9] com.microsoft.frameworklauncher.applicationmaster.RequestManager: Pulled LauncherRequest
2020-03-20 04:42:56,695 DEBUG [Thread-9] com.microsoft.frameworklauncher.applicationmaster.RequestManager: Pulling AggregatedFrameworkRequest
2020-03-20 04:42:56,701 DEBUG [Thread-9] com.microsoft.frameworklauncher.applicationmaster.RequestManager: Pulled AggregatedFrameworkRequest
2020-03-20 04:43:16,711 DEBUG [Thread-9] com.microsoft.frameworklauncher.applicationmaster.RequestManager: Pulling LauncherRequest
2020-03-20 04:43:16,713 DEBUG [Thread-9] com.microsoft.frameworklauncher.applicationmaster.RequestManager: Pulled LauncherRequest
2020-03-20 04:43:16,714 DEBUG [Thread-9] com.microsoft.frameworklauncher.applicationmaster.RequestManager: Pulling AggregatedFrameworkRequest
2020-03-20 04:43:16,719 DEBUG [Thread-9] com.microsoft.frameworklauncher.applicationmaster.RequestManager: Pulled AggregatedFrameworkRequest
2020-03-20 04:43:20,089 INFO [AMRM Callback Handler Thread] com.microsoft.frameworklauncher.applicationmaster.ApplicationMaster: onContainersCompleted: Completed Containers: 1.
2020-03-20 04:43:20,091 INFO [pool-1-thread-1] com.microsoft.frameworklauncher.applicationmaster.ApplicationMaster: ________________________________________________________________________________________________________________________________________________________________________________________________________
2020-03-20 04:43:20,091 INFO [pool-1-thread-1] com.microsoft.frameworklauncher.applicationmaster.ApplicationMaster: [taskrole][0][container_e10_1584673981652_0005_01_000002]: completeContainer: RawExitCode: 255, RawExitDiagnostics: [2020-03-20 04:43:19.515]Exception from container-launch: 
2020-03-20 04:43:20,091 INFO [pool-1-thread-1] com.microsoft.frameworklauncher.applicationmaster.ApplicationMaster: ExitCodeException exitCode=255: 
2020-03-20 04:43:20,091 INFO [pool-1-thread-1] com.microsoft.frameworklauncher.applicationmaster.ApplicationMaster: 	at org.apache.hadoop.util.Shell.runCommand(Shell.java:998)
2020-03-20 04:43:20,091 INFO [pool-1-thread-1] com.microsoft.frameworklauncher.applicationmaster.ApplicationMaster: 	at org.apache.hadoop.util.Shell.run(Shell.java:884)
2020-03-20 04:43:20,091 INFO [pool-1-thread-1] com.microsoft.frameworklauncher.applicationmaster.ApplicationMaster: 	at org.apache.hadoop.util.Shell$ShellCommandExecutor.execute(Shell.java:1216)
2020-03-20 04:43:20,091 INFO [pool-1-thread-1] com.microsoft.frameworklauncher.applicationmaster.ApplicationMaster: 	at org.apache.hadoop.yarn.server.nodemanager.DockerContainerExecutor.launchContainer(DockerContainerExecutor.java:312)
2020-03-20 04:43:20,091 INFO [pool-1-thread-1] com.microsoft.frameworklauncher.applicationmaster.ApplicationMaster: 	at org.apache.hadoop.yarn.server.nodemanager.containermanager.launcher.ContainerLaunch.launchContainer(ContainerLaunch.java:443)
2020-03-20 04:43:20,091 INFO [pool-1-thread-1] com.microsoft.frameworklauncher.applicationmaster.ApplicationMaster: 	at org.apache.hadoop.yarn.server.nodemanager.containermanager.launcher.ContainerLaunch.call(ContainerLaunch.java:294)
2020-03-20 04:43:20,091 INFO [pool-1-thread-1] com.microsoft.frameworklauncher.applicationmaster.ApplicationMaster: 	at org.apache.hadoop.yarn.server.nodemanager.containermanager.launcher.ContainerLaunch.call(ContainerLaunch.java:92)
2020-03-20 04:43:20,091 INFO [pool-1-thread-1] com.microsoft.frameworklauncher.applicationmaster.ApplicationMaster: 	at java.util.concurrent.FutureTask.run(FutureTask.java:266)
2020-03-20 04:43:20,092 INFO [pool-1-thread-1] com.microsoft.frameworklauncher.applicationmaster.ApplicationMaster: 	at java.util.concurrent.ThreadPoolExecutor.runWorker(ThreadPoolExecutor.java:1149)
2020-03-20 04:43:20,092 INFO [pool-1-thread-1] com.microsoft.frameworklauncher.applicationmaster.ApplicationMaster: 	at java.util.concurrent.ThreadPoolExecutor$Worker.run(ThreadPoolExecutor.java:624)
2020-03-20 04:43:20,092 INFO [pool-1-thread-1] com.microsoft.frameworklauncher.applicationmaster.ApplicationMaster: 	at java.lang.Thread.run(Thread.java:748)
2020-03-20 04:43:20,092 INFO [pool-1-thread-1] com.microsoft.frameworklauncher.applicationmaster.ApplicationMaster: 
2020-03-20 04:43:20,092 INFO [pool-1-thread-1] com.microsoft.frameworklauncher.applicationmaster.ApplicationMaster: [2020-03-20 04:43:19.515]
2020-03-20 04:43:20,092 INFO [pool-1-thread-1] com.microsoft.frameworklauncher.applicationmaster.ApplicationMaster: [2020-03-20 04:43:19.518]Container exited with a non-zero exit code 255. Last 40960 bytes of runtime.pai.agg.error :
2020-03-20 04:43:20,092 INFO [pool-1-thread-1] com.microsoft.frameworklauncher.applicationmaster.ApplicationMaster: [PAI_RUNTIME_ERROR_START]
2020-03-20 04:43:20,092 INFO [pool-1-thread-1] com.microsoft.frameworklauncher.applicationmaster.ApplicationMaster: exitcode: 255
2020-03-20 04:43:20,092 INFO [pool-1-thread-1] com.microsoft.frameworklauncher.applicationmaster.ApplicationMaster: trigger: originalUserExitCode
2020-03-20 04:43:20,092 INFO [pool-1-thread-1] com.microsoft.frameworklauncher.applicationmaster.ApplicationMaster: reason: |
2020-03-20 04:43:20,092 INFO [pool-1-thread-1] com.microsoft.frameworklauncher.applicationmaster.ApplicationMaster:   User process exited with code: 2
2020-03-20 04:43:20,092 INFO [pool-1-thread-1] com.microsoft.frameworklauncher.applicationmaster.ApplicationMaster: solution: |
2020-03-20 04:43:20,092 INFO [pool-1-thread-1] com.microsoft.frameworklauncher.applicationmaster.ApplicationMaster:   
2020-03-20 04:43:20,092 INFO [pool-1-thread-1] com.microsoft.frameworklauncher.applicationmaster.ApplicationMaster: originalUserExitCode: 2
2020-03-20 04:43:20,092 INFO [pool-1-thread-1] com.microsoft.frameworklauncher.applicationmaster.ApplicationMaster: dockerStatus: 
2020-03-20 04:43:20,092 INFO [pool-1-thread-1] com.microsoft.frameworklauncher.applicationmaster.ApplicationMaster: caughtSignal: 
2020-03-20 04:43:20,092 INFO [pool-1-thread-1] com.microsoft.frameworklauncher.applicationmaster.ApplicationMaster: caughtException:
2020-03-20 04:43:20,092 INFO [pool-1-thread-1] com.microsoft.frameworklauncher.applicationmaster.ApplicationMaster: matchedUserLogString:
2020-03-20 04:43:20,092 INFO [pool-1-thread-1] com.microsoft.frameworklauncher.applicationmaster.ApplicationMaster: errorLogs:
2020-03-20 04:43:20,092 INFO [pool-1-thread-1] com.microsoft.frameworklauncher.applicationmaster.ApplicationMaster:   user: |
2020-03-20 04:43:20,092 INFO [pool-1-thread-1] com.microsoft.frameworklauncher.applicationmaster.ApplicationMaster:     
2020-03-20 04:43:20,092 INFO [pool-1-thread-1] com.microsoft.frameworklauncher.applicationmaster.ApplicationMaster:     Usage:
2020-03-20 04:43:20,092 INFO [pool-1-thread-1] com.microsoft.frameworklauncher.applicationmaster.ApplicationMaster:     pip install [options] <requirement specifier> [package-index-options] ...
2020-03-20 04:43:20,092 INFO [pool-1-thread-1] com.microsoft.frameworklauncher.applicationmaster.ApplicationMaster:     pip install [options] -r <requirements file> [package-index-options] ...
2020-03-20 04:43:20,092 INFO [pool-1-thread-1] com.microsoft.frameworklauncher.applicationmaster.ApplicationMaster:     pip install [options] [-e] <vcs project url> ...
2020-03-20 04:43:20,092 INFO [pool-1-thread-1] com.microsoft.frameworklauncher.applicationmaster.ApplicationMaster:     pip install [options] [-e] <local project path> ...
2020-03-20 04:43:20,092 INFO [pool-1-thread-1] com.microsoft.frameworklauncher.applicationmaster.ApplicationMaster:     pip install [options] <archive url/path> ...
2020-03-20 04:43:20,092 INFO [pool-1-thread-1] com.microsoft.frameworklauncher.applicationmaster.ApplicationMaster:     
2020-03-20 04:43:20,092 INFO [pool-1-thread-1] com.microsoft.frameworklauncher.applicationmaster.ApplicationMaster:     no such option: --alias
2020-03-20 04:43:20,092 INFO [pool-1-thread-1] com.microsoft.frameworklauncher.applicationmaster.ApplicationMaster:   runtime: |
2020-03-20 04:43:20,092 INFO [pool-1-thread-1] com.microsoft.frameworklauncher.applicationmaster.ApplicationMaster:     1584679398 ERROR REASON "User process exited with code: 2"
2020-03-20 04:43:20,092 INFO [pool-1-thread-1] com.microsoft.frameworklauncher.applicationmaster.ApplicationMaster:     WARNING: Your kernel does not support swap limit capabilities or the cgroup is not mounted. Memory limited without swap.
2020-03-20 04:43:20,092 INFO [pool-1-thread-1] com.microsoft.frameworklauncher.applicationmaster.ApplicationMaster:     1584679399 INFO USER_EXIT_CODE 2
2020-03-20 04:43:20,092 INFO [pool-1-thread-1] com.microsoft.frameworklauncher.applicationmaster.ApplicationMaster:   diskCleaner: |
2020-03-20 04:43:20,092 INFO [pool-1-thread-1] com.microsoft.frameworklauncher.applicationmaster.ApplicationMaster: [PAI_RUNTIME_ERROR_END]
2020-03-20 04:43:20,092 INFO [pool-1-thread-1] com.microsoft.frameworklauncher.applicationmaster.ApplicationMaster: 
2020-03-20 04:43:20,093 INFO [pool-1-thread-1] com.microsoft.frameworklauncher.applicationmaster.ApplicationMaster: [2020-03-20 04:43:19.518], NeedToRelease: false
2020-03-20 04:43:20,093 INFO [pool-1-thread-1] com.microsoft.frameworklauncher.applicationmaster.ApplicationMaster: [taskrole][0]: ContainerLogHttpAddress: http://10.3.1.2:8042/node/containerlogs/container_e10_1584673981652_0005_01_000002/admin/
2020-03-20 04:43:20,093 INFO [pool-1-thread-1] com.microsoft.frameworklauncher.applicationmaster.ApplicationMaster: [taskrole][0]: ContainerLogNetworkPath: 10.3.1.2:/var/lib/yarn/userlogs/application_1584673981652_0005/container_e10_1584673981652_0005_01_000002
2020-03-20 04:43:20,093 INFO [pool-1-thread-1] com.microsoft.frameworklauncher.applicationmaster.ApplicationMaster: [taskrole][0]: ContainerCacheNetworkPath: 10.3.1.2:/var/lib/hadoopdata/nm-local-dir/usercache/admin/appcache/application_1584673981652_0005/container_e10_1584673981652_0005_01_000002
2020-03-20 04:43:20,093 INFO [pool-1-thread-1] com.microsoft.frameworklauncher.applicationmaster.ApplicationMaster: ________________________________________________________________________________________________________________________________________________________________________________________________________
2020-03-20 04:43:20,093 INFO [pool-1-thread-1] com.microsoft.frameworklauncher.applicationmaster.StatusManager: Transitioned Task [taskrole][0] from [CONTAINER_RUNNING] to [CONTAINER_COMPLETED]
2020-03-20 04:43:20,097 INFO [pool-1-thread-1] com.microsoft.frameworklauncher.applicationmaster.ApplicationMaster: ________________________________________________________________________________________________________________________________________________________________________________________________________
2020-03-20 04:43:20,097 INFO [pool-1-thread-1] com.microsoft.frameworklauncher.applicationmaster.ApplicationMaster: [taskrole][0]: attemptToRetry: ContainerExitCode: [255], ContainerExitType: [UNKNOWN], RetryPolicyState:
2020-03-20 04:43:20,097 INFO [pool-1-thread-1] com.microsoft.frameworklauncher.applicationmaster.ApplicationMaster: [{
2020-03-20 04:43:20,097 INFO [pool-1-thread-1] com.microsoft.frameworklauncher.applicationmaster.ApplicationMaster:   "retriedCount" : 0,
2020-03-20 04:43:20,097 INFO [pool-1-thread-1] com.microsoft.frameworklauncher.applicationmaster.ApplicationMaster:   "succeededRetriedCount" : 0,
2020-03-20 04:43:20,097 INFO [pool-1-thread-1] com.microsoft.frameworklauncher.applicationmaster.ApplicationMaster:   "transientNormalRetriedCount" : 0,
2020-03-20 04:43:20,097 INFO [pool-1-thread-1] com.microsoft.frameworklauncher.applicationmaster.ApplicationMaster:   "transientConflictRetriedCount" : 0,
2020-03-20 04:43:20,097 INFO [pool-1-thread-1] com.microsoft.frameworklauncher.applicationmaster.ApplicationMaster:   "nonTransientRetriedCount" : 0,
2020-03-20 04:43:20,097 INFO [pool-1-thread-1] com.microsoft.frameworklauncher.applicationmaster.ApplicationMaster:   "unKnownRetriedCount" : 0
2020-03-20 04:43:20,097 INFO [pool-1-thread-1] com.microsoft.frameworklauncher.applicationmaster.ApplicationMaster: }]
2020-03-20 04:43:20,097 INFO [pool-1-thread-1] com.microsoft.frameworklauncher.applicationmaster.ApplicationMaster: ________________________________________________________________________________________________________________________________________________________________________________________________________
2020-03-20 04:43:20,098 WARN [pool-1-thread-1] com.microsoft.frameworklauncher.applicationmaster.ApplicationMaster: [taskrole][0]: attemptToRetry: Will completeTask. Reason: RetriedCount 0 has reached MaxRetryCount 0.
2020-03-20 04:43:20,098 INFO [pool-1-thread-1] com.microsoft.frameworklauncher.applicationmaster.ApplicationMaster: ________________________________________________________________________________________________________________________________________________________________________________________________________
2020-03-20 04:43:20,099 INFO [pool-1-thread-1] com.microsoft.frameworklauncher.applicationmaster.ApplicationMaster: [taskrole][0]: completeTask: TaskStatus:
2020-03-20 04:43:20,099 INFO [pool-1-thread-1] com.microsoft.frameworklauncher.applicationmaster.ApplicationMaster: {
2020-03-20 04:43:20,099 INFO [pool-1-thread-1] com.microsoft.frameworklauncher.applicationmaster.ApplicationMaster:   "taskIndex" : 0,
2020-03-20 04:43:20,099 INFO [pool-1-thread-1] com.microsoft.frameworklauncher.applicationmaster.ApplicationMaster:   "taskRoleName" : "taskrole",
2020-03-20 04:43:20,099 INFO [pool-1-thread-1] com.microsoft.frameworklauncher.applicationmaster.ApplicationMaster:   "taskState" : "CONTAINER_COMPLETED",
2020-03-20 04:43:20,099 INFO [pool-1-thread-1] com.microsoft.frameworklauncher.applicationmaster.ApplicationMaster:   "taskRetryPolicyState" : {
2020-03-20 04:43:20,099 INFO [pool-1-thread-1] com.microsoft.frameworklauncher.applicationmaster.ApplicationMaster:     "retriedCount" : 0,
2020-03-20 04:43:20,099 INFO [pool-1-thread-1] com.microsoft.frameworklauncher.applicationmaster.ApplicationMaster:     "succeededRetriedCount" : 0,
2020-03-20 04:43:20,099 INFO [pool-1-thread-1] com.microsoft.frameworklauncher.applicationmaster.ApplicationMaster:     "transientNormalRetriedCount" : 0,
2020-03-20 04:43:20,099 INFO [pool-1-thread-1] com.microsoft.frameworklauncher.applicationmaster.ApplicationMaster:     "transientConflictRetriedCount" : 0,
2020-03-20 04:43:20,099 INFO [pool-1-thread-1] com.microsoft.frameworklauncher.applicationmaster.ApplicationMaster:     "nonTransientRetriedCount" : 0,
2020-03-20 04:43:20,099 INFO [pool-1-thread-1] com.microsoft.frameworklauncher.applicationmaster.ApplicationMaster:     "unKnownRetriedCount" : 0
2020-03-20 04:43:20,099 INFO [pool-1-thread-1] com.microsoft.frameworklauncher.applicationmaster.ApplicationMaster:   },
2020-03-20 04:43:20,099 INFO [pool-1-thread-1] com.microsoft.frameworklauncher.applicationmaster.ApplicationMaster:   "taskCreatedTimestamp" : 1584679336674,
2020-03-20 04:43:20,099 INFO [pool-1-thread-1] com.microsoft.frameworklauncher.applicationmaster.ApplicationMaster:   "taskCompletedTimestamp" : null,
2020-03-20 04:43:20,099 INFO [pool-1-thread-1] com.microsoft.frameworklauncher.applicationmaster.ApplicationMaster:   "taskServiceStatus" : {
2020-03-20 04:43:20,099 INFO [pool-1-thread-1] com.microsoft.frameworklauncher.applicationmaster.ApplicationMaster:     "serviceVersion" : 0
2020-03-20 04:43:20,099 INFO [pool-1-thread-1] com.microsoft.frameworklauncher.applicationmaster.ApplicationMaster:   },
2020-03-20 04:43:20,099 INFO [pool-1-thread-1] com.microsoft.frameworklauncher.applicationmaster.ApplicationMaster:   "containerId" : "container_e10_1584673981652_0005_01_000002",
2020-03-20 04:43:20,099 INFO [pool-1-thread-1] com.microsoft.frameworklauncher.applicationmaster.ApplicationMaster:   "containerHost" : "10.3.1.2",
2020-03-20 04:43:20,099 INFO [pool-1-thread-1] com.microsoft.frameworklauncher.applicationmaster.ApplicationMaster:   "containerIp" : "10.3.1.2",
2020-03-20 04:43:20,099 INFO [pool-1-thread-1] com.microsoft.frameworklauncher.applicationmaster.ApplicationMaster:   "containerPorts" : "ssh:8325;http:8326;",
2020-03-20 04:43:20,099 INFO [pool-1-thread-1] com.microsoft.frameworklauncher.applicationmaster.ApplicationMaster:   "containerGpus" : 1,
2020-03-20 04:43:20,099 INFO [pool-1-thread-1] com.microsoft.frameworklauncher.applicationmaster.ApplicationMaster:   "containerLogHttpAddress" : "http://10.3.1.2:8042/node/containerlogs/container_e10_1584673981652_0005_01_000002/admin/",
2020-03-20 04:43:20,099 INFO [pool-1-thread-1] com.microsoft.frameworklauncher.applicationmaster.ApplicationMaster:   "containerConnectionLostCount" : 0,
2020-03-20 04:43:20,099 INFO [pool-1-thread-1] com.microsoft.frameworklauncher.applicationmaster.ApplicationMaster:   "containerIsDecommissioning" : null,
2020-03-20 04:43:20,099 INFO [pool-1-thread-1] com.microsoft.frameworklauncher.applicationmaster.ApplicationMaster:   "containerLaunchedTimestamp" : 1584679339028,
2020-03-20 04:43:20,099 INFO [pool-1-thread-1] com.microsoft.frameworklauncher.applicationmaster.ApplicationMaster:   "containerCompletedTimestamp" : 1584679400093,
2020-03-20 04:43:20,099 INFO [pool-1-thread-1] com.microsoft.frameworklauncher.applicationmaster.ApplicationMaster:   "containerExitCode" : 255,
2020-03-20 04:43:20,099 INFO [pool-1-thread-1] com.microsoft.frameworklauncher.applicationmaster.ApplicationMaster:   "containerExitDescription" : "Container failed but the failure cannot be recognized by PAI Runtime",
2020-03-20 04:43:20,099 INFO [pool-1-thread-1] com.microsoft.frameworklauncher.applicationmaster.ApplicationMaster:   "containerExitDiagnostics" : "[2020-03-20 04:43:19.515]Exception from container-launch: \nExitCodeException exitCode=255: \n\tat org.apache.hadoop.util.Shell.runCommand(Shell.java:998)\n\tat org.apache.hadoop.util.Shell.run(Shell.java:884)\n\tat org.apache.hadoop.util.Shell$ShellCommandExecutor.execute(Shell.java:1216)\n\tat org.apache.hadoop.yarn.server.nodemanager.DockerContainerExecutor.launchContainer(DockerContainerExecutor.java:312)\n\tat org.apache.hadoop.yarn.server.nodemanager.containermanager.launcher.ContainerLaunch.launchContainer(ContainerLaunch.java:443)\n\tat org.apache.hadoop.yarn.server.nodemanager.containermanager.launcher.ContainerLaunch.call(ContainerLaunch.java:294)\n\tat org.apache.hadoop.yarn.server.nodemanager.containermanager.launcher.ContainerLaunch.call(ContainerLaunch.java:92)\n\tat java.util.concurrent.FutureTask.run(FutureTask.java:266)\n\tat java.util.concurrent.ThreadPoolExecutor.runWorker(ThreadPoolExecutor.java:1149)\n\tat java.util.concurrent.ThreadPoolExecutor$Worker.run(ThreadPoolExecutor.java:624)\n\tat java.lang.Thread.run(Thread.java:748)\n\n[2020-03-20 04:43:19.515]\n[2020-03-20 04:43:19.518]Container exited with a non-zero exit code 255. Last 40960 bytes of runtime.pai.agg.error :\n[PAI_RUNTIME_ERROR_START]\nexitcode: 255\ntrigger: originalUserExitCode\nreason: |\n  User process exited with code: 2\nsolution: |\n  \noriginalUserExitCode: 2\ndockerStatus: \ncaughtSignal: \ncaughtException:\nmatchedUserLogString:\nerrorLogs:\n  user: |\n    \n    Usage:\n    pip install [options] <requirement specifier> [package-index-options] ...\n    pip install [options] -r <requirements file> [package-index-options] ...\n    pip install [options] [-e] <vcs project url> ...\n    pip install [options] [-e] <local project path> ...\n    pip install [options] <archive url/path> ...\n    \n    no such option: --alias\n  runtime: |\n    1584679398 ERROR REASON \"User process exited with code: 2\"\n    WARNING: Your kernel does not support swap limit capabilities or the cgroup is not mounted. Memory limited without swap.\n    1584679399 INFO USER_EXIT_CODE 2\n  diskCleaner: |\n[PAI_RUNTIME_ERROR_END]\n\n[2020-03-20 04:43:19.518]",
2020-03-20 04:43:20,100 INFO [pool-1-thread-1] com.microsoft.frameworklauncher.applicationmaster.ApplicationMaster:   "containerExitType" : "UNKNOWN"
2020-03-20 04:43:20,100 INFO [pool-1-thread-1] com.microsoft.frameworklauncher.applicationmaster.ApplicationMaster: }
2020-03-20 04:43:20,100 INFO [pool-1-thread-1] com.microsoft.frameworklauncher.applicationmaster.ApplicationMaster: ________________________________________________________________________________________________________________________________________________________________________________________________________
2020-03-20 04:43:20,100 INFO [pool-1-thread-1] com.microsoft.frameworklauncher.applicationmaster.StatusManager: Transitioned Task [taskrole][0] from [CONTAINER_COMPLETED] to [TASK_COMPLETED]
2020-03-20 04:43:20,103 ERROR [pool-1-thread-1] com.microsoft.frameworklauncher.common.service.AbstractService: ________________________________________________________________________________________________________________________________________________________________________________________________________
2020-03-20 04:43:20,103 ERROR [pool-1-thread-1] com.microsoft.frameworklauncher.common.service.AbstractService: Stopping com.microsoft.frameworklauncher.applicationmaster.ApplicationMaster with StopStatus: code = [200], needUnregister = [true], unregisterDiagnostics = [<LAUNCHER_AM_DIAGNOSTICS_START>{
2020-03-20 04:43:20,103 ERROR [pool-1-thread-1] com.microsoft.frameworklauncher.common.service.AbstractService:   "applicationExitCode" : 255,
2020-03-20 04:43:20,103 ERROR [pool-1-thread-1] com.microsoft.frameworklauncher.common.service.AbstractService:   "applicationExitDescription" : "Container failed but the failure cannot be recognized by PAI Runtime",
2020-03-20 04:43:20,103 ERROR [pool-1-thread-1] com.microsoft.frameworklauncher.common.service.AbstractService:   "applicationExitDiagnostics" : "[2020-03-20 04:43:19.515]Exception from container-launch: \nExitCodeException exitCode=255: \n\tat org.apache.hadoop.util.Shell.runCommand(Shell.java:998)\n\tat org.apache.hadoop.util.Shell.run(Shell.java:884)\n\tat org.apache.hadoop.util.Shell$ShellCommandExecutor.execute(Shell.java:1216)\n\tat org.apache.hadoop.yarn.server.nodemanager.DockerContainerExecutor.launchContainer(DockerContainerExecutor.java:312)\n\tat org.apache.hadoop.yarn.server.nodemanager.containermanager.launcher.ContainerLaunch.launchContainer(ContainerLaunch.java:443)\n\tat org.apache.hadoop.yarn.server.nodemanager.containermanager.launcher.ContainerLaunch.call(ContainerLaunch.java:294)\n\tat org.apache.hadoop.yarn.server.nodemanager.containermanager.launcher.ContainerLaunch.call(ContainerLaunch.java:92)\n\tat java.util.concurrent.FutureTask.run(FutureTask.java:266)\n\tat java.util.concurrent.ThreadPoolExecutor.runWorker(ThreadPoolExecutor.java:1149)\n\tat java.util.concurrent.ThreadPoolExecutor$Worker.run(ThreadPoolExecutor.java:624)\n\tat java.lang.Thread.run(Thread.java:748)\n\n[2020-03-20 04:43:19.515]\n[2020-03-20 04:43:19.518]Container exited with a non-zero exit code 255. Last 40960 bytes of runtime.pai.agg.error :\n[PAI_RUNTIME_ERROR_START]\nexitcode: 255\ntrigger: originalUserExitCode\nreason: |\n  User process exited with code: 2\nsolution: |\n  \noriginalUserExitCode: 2\ndockerStatus: \ncaughtSignal: \ncaughtException:\nmatchedUserLogString:\nerrorLogs:\n  user: |\n    \n    Usage:\n    pip install [options] <requirement specifier> [package-index-options] ...\n    pip install [options] -r <requirements file> [package-index-options] ...\n    pip install [options] [-e] <vcs project url> ...\n    pip install [options] [-e] <local project path> ...\n    pip install [options] <archive url/path> ...\n    \n    no such option: --alias\n  runtime: |\n    1584679398 ERROR REASON \"User process exited with code: 2\"\n    WARNING: Your kernel does not support swap limit capabilities or the cgroup is not mounted. Memory limited without swap.\n    1584679399 INFO USER_EXIT_CODE 2\n  diskCleaner: |\n[PAI_RUNTIME_ERROR_END]\n\n[2020-03-20 04:43:19.518]",
2020-03-20 04:43:20,103 ERROR [pool-1-thread-1] com.microsoft.frameworklauncher.common.service.AbstractService:   "applicationExitType" : "UNKNOWN",
2020-03-20 04:43:20,103 ERROR [pool-1-thread-1] com.microsoft.frameworklauncher.common.service.AbstractService:   "applicationExitTriggerMessage" : "FailedTaskCount 1 has reached MinFailedTaskCount 1 in TaskRole [taskrole]",
2020-03-20 04:43:20,103 ERROR [pool-1-thread-1] com.microsoft.frameworklauncher.common.service.AbstractService:   "applicationExitTriggerTaskRoleName" : "taskrole",
2020-03-20 04:43:20,103 ERROR [pool-1-thread-1] com.microsoft.frameworklauncher.common.service.AbstractService:   "applicationExitTriggerTaskIndex" : 0
2020-03-20 04:43:20,103 ERROR [pool-1-thread-1] com.microsoft.frameworklauncher.common.service.AbstractService: }<LAUNCHER_AM_DIAGNOSTICS_END>], Exception = [null]
2020-03-20 04:43:20,104 ERROR [pool-1-thread-1] com.microsoft.frameworklauncher.common.service.AbstractService: ________________________________________________________________________________________________________________________________________________________________________________________________________
2020-03-20 04:43:20,104 ERROR [pool-1-thread-1] com.microsoft.frameworklauncher.common.service.AbstractService: Stopping com.microsoft.frameworklauncher.applicationmaster.StatusManager
2020-03-20 04:43:20,105 INFO [pool-1-thread-1] com.microsoft.frameworklauncher.applicationmaster.StatusManager: pushStatus for the last time before stop com.microsoft.frameworklauncher.applicationmaster.StatusManager.
2020-03-20 04:43:20,105 INFO [pool-1-thread-1] com.microsoft.frameworklauncher.applicationmaster.StatusManager: [taskrole]: Pushing TaskStatuses
2020-03-20 04:43:20,190 INFO [pool-1-thread-1] com.microsoft.frameworklauncher.applicationmaster.StatusManager: TaskStateCounters: [taskrole][TaskFailed]: Count 1
2020-03-20 04:43:20,190 INFO [pool-1-thread-1] com.microsoft.frameworklauncher.applicationmaster.StatusManager: [taskrole]: Pushed TaskStatuses
2020-03-20 04:43:20,196 ERROR [pool-1-thread-1] com.microsoft.frameworklauncher.common.service.AbstractService: Stopping com.microsoft.frameworklauncher.applicationmaster.RequestManager
2020-03-20 04:43:20,196 ERROR [pool-1-thread-1] com.microsoft.frameworklauncher.common.service.AbstractService: Stopping com.microsoft.frameworklauncher.applicationmaster.FrameworkInfoPublisher
2020-03-20 04:43:20,196 INFO [pool-1-thread-1] com.microsoft.frameworklauncher.applicationmaster.ApplicationMaster: Unregistering com.microsoft.frameworklauncher.applicationmaster.ApplicationMaster to RM
2020-03-20 04:43:20,307 INFO [pool-1-thread-1] com.microsoft.frameworklauncher.applicationmaster.ApplicationMaster: com.microsoft.frameworklauncher.applicationmaster.ApplicationMaster stopped
