Log Type: InternalInfo.log

Log Upload Time: Fri Mar 20 04:43:22 +0000 2020

Log Length: 52933

2020-03-20 04:42:09,886 INFO [main] com.microsoft.frameworklauncher.common.service.AbstractService: Initializing com.microsoft.frameworklauncher.applicationmaster.ApplicationMaster
2020-03-20 04:42:09,943 INFO [pool-1-thread-1] com.microsoft.frameworklauncher.common.service.SystemTaskQueue: Waiting to start SystemTaskQueue
2020-03-20 04:42:09,999 INFO [main] com.microsoft.frameworklauncher.common.utils.DnsUtils: Resolving local address
2020-03-20 04:42:10,003 INFO [main] com.microsoft.frameworklauncher.common.utils.DnsUtils: Resolved local address: [/10.3.1.2]
2020-03-20 04:42:11,532 INFO [main] com.microsoft.frameworklauncher.applicationmaster.ApplicationMaster: Registering com.microsoft.frameworklauncher.applicationmaster.ApplicationMaster to RM
2020-03-20 04:42:11,726 INFO [main] com.microsoft.frameworklauncher.applicationmaster.ApplicationMaster: Running Framework [admin~just-test_3f34372a] in Queue [default]
2020-03-20 04:42:11,726 INFO [main] com.microsoft.frameworklauncher.applicationmaster.ApplicationMaster: Got 0 Containers from previous attempts
2020-03-20 04:42:12,060 INFO [main] com.microsoft.frameworklauncher.zookeeperstore.ZookeeperStore: Initializing ZookeeperStore: [ConnectString] = [10.3.1.12:2181], [LauncherRootPath] = [/Launcher]
2020-03-20 04:42:15,848 INFO [main] com.microsoft.frameworklauncher.common.exit.FrameworkExitSpec: Initializing FrameworkExitSpec: Loading UserContainerExitSpec
2020-03-20 04:42:15,852 INFO [main] com.microsoft.frameworklauncher.hdfsstore.HdfsStore: Initializing HdfsStore: [LauncherRootPath] = [/Launcher]
2020-03-20 04:42:16,223 INFO [main] com.microsoft.frameworklauncher.common.utils.HadoopUtils: [hadoop fs -mkdir -p /Launcher]
2020-03-20 04:42:16,246 INFO [main] com.microsoft.frameworklauncher.common.utils.HadoopUtils: [hadoop fs -mkdir -p /Launcher/admin~just-test_3f34372a]
2020-03-20 04:42:16,249 INFO [main] com.microsoft.frameworklauncher.common.utils.HadoopUtils: [hadoop fs -mkdir -p /Launcher/admin~just-test_3f34372a/UserStore]
2020-03-20 04:42:16,251 INFO [main] com.microsoft.frameworklauncher.common.utils.HadoopUtils: [hadoop fs -mkdir -p /Launcher/admin~just-test_3f34372a/AMStore]
2020-03-20 04:42:16,408 INFO [main] com.microsoft.frameworklauncher.common.service.AbstractService: Recovering com.microsoft.frameworklauncher.applicationmaster.ApplicationMaster
2020-03-20 04:42:16,408 INFO [main] com.microsoft.frameworklauncher.common.service.AbstractService: Initializing com.microsoft.frameworklauncher.applicationmaster.StatusManager
2020-03-20 04:42:16,408 INFO [main] com.microsoft.frameworklauncher.common.service.AbstractService: Recovering com.microsoft.frameworklauncher.applicationmaster.StatusManager
2020-03-20 04:42:16,422 INFO [main] com.microsoft.frameworklauncher.applicationmaster.StatusManager: Succeeded to recover com.microsoft.frameworklauncher.applicationmaster.StatusManager.
2020-03-20 04:42:16,422 INFO [main] com.microsoft.frameworklauncher.common.service.AbstractService: Running com.microsoft.frameworklauncher.applicationmaster.StatusManager
2020-03-20 04:42:16,423 INFO [Thread-8] com.microsoft.frameworklauncher.applicationmaster.StatusManager: FrameworkRequest for local FrameworkVersion is not available, skip to pushStatus
2020-03-20 04:42:16,424 INFO [main] com.microsoft.frameworklauncher.applicationmaster.ApplicationMaster: reviseCorruptedTaskStates: {CONTAINER_ALLOCATED, CONTAINER_LAUNCHED, CONTAINER_REQUESTED}
2020-03-20 04:42:16,424 INFO [main] com.microsoft.frameworklauncher.applicationmaster.ApplicationMaster: recoverTransitionTaskStateQueue for TaskState: {CONTAINER_COMPLETED, TASK_COMPLETED, TASK_WAITING}
2020-03-20 04:42:16,425 INFO [main] com.microsoft.frameworklauncher.applicationmaster.ApplicationMaster: All the previous TASK_WAITING Tasks have been driven
2020-03-20 04:42:16,426 INFO [main] com.microsoft.frameworklauncher.applicationmaster.ApplicationMaster: All the previous CONTAINER_COMPLETED Tasks have been driven
2020-03-20 04:42:16,426 INFO [main] com.microsoft.frameworklauncher.applicationmaster.ApplicationMaster: All the previous TASK_COMPLETED Tasks have been driven
2020-03-20 04:42:16,426 INFO [main] com.microsoft.frameworklauncher.common.service.AbstractService: Initializing com.microsoft.frameworklauncher.applicationmaster.RequestManager
2020-03-20 04:42:16,426 INFO [main] com.microsoft.frameworklauncher.common.service.AbstractService: Recovering com.microsoft.frameworklauncher.applicationmaster.RequestManager
2020-03-20 04:42:16,658 INFO [main] com.microsoft.frameworklauncher.applicationmaster.RequestManager: ________________________________________________________________________________________________________________________________________________________________________________________________________
2020-03-20 04:42:16,659 INFO [main] com.microsoft.frameworklauncher.applicationmaster.RequestManager: Detected FrameworkDescriptor changes. Updating to new flattened FrameworkDescriptor:
2020-03-20 04:42:16,659 INFO [main] com.microsoft.frameworklauncher.applicationmaster.RequestManager: {
2020-03-20 04:42:16,659 INFO [main] com.microsoft.frameworklauncher.applicationmaster.RequestManager:   "description" : null,
2020-03-20 04:42:16,659 INFO [main] com.microsoft.frameworklauncher.applicationmaster.RequestManager:   "version" : 10,
2020-03-20 04:42:16,659 INFO [main] com.microsoft.frameworklauncher.applicationmaster.RequestManager:   "executionType" : "START",
2020-03-20 04:42:16,659 INFO [main] com.microsoft.frameworklauncher.applicationmaster.RequestManager:   "retryPolicy" : {
2020-03-20 04:42:16,659 INFO [main] com.microsoft.frameworklauncher.applicationmaster.RequestManager:     "fancyRetryPolicy" : true,
2020-03-20 04:42:16,659 INFO [main] com.microsoft.frameworklauncher.applicationmaster.RequestManager:     "maxRetryCount" : 0
2020-03-20 04:42:16,659 INFO [main] com.microsoft.frameworklauncher.applicationmaster.RequestManager:   },
2020-03-20 04:42:16,659 INFO [main] com.microsoft.frameworklauncher.applicationmaster.RequestManager:   "parentFramework" : null,
2020-03-20 04:42:16,659 INFO [main] com.microsoft.frameworklauncher.applicationmaster.RequestManager:   "user" : {
2020-03-20 04:42:16,659 INFO [main] com.microsoft.frameworklauncher.applicationmaster.RequestManager:     "name" : "admin"
2020-03-20 04:42:16,659 INFO [main] com.microsoft.frameworklauncher.applicationmaster.RequestManager:   },
2020-03-20 04:42:16,659 INFO [main] com.microsoft.frameworklauncher.applicationmaster.RequestManager:   "taskRoles" : {
2020-03-20 04:42:16,659 INFO [main] com.microsoft.frameworklauncher.applicationmaster.RequestManager:     "taskrole" : {
2020-03-20 04:42:16,659 INFO [main] com.microsoft.frameworklauncher.applicationmaster.RequestManager:       "taskNumber" : 1,
2020-03-20 04:42:16,659 INFO [main] com.microsoft.frameworklauncher.applicationmaster.RequestManager:       "scaleUnitNumber" : 1,
2020-03-20 04:42:16,659 INFO [main] com.microsoft.frameworklauncher.applicationmaster.RequestManager:       "scaleUnitTimeoutSec" : 0,
2020-03-20 04:42:16,659 INFO [main] com.microsoft.frameworklauncher.applicationmaster.RequestManager:       "taskRetryPolicy" : {
2020-03-20 04:42:16,659 INFO [main] com.microsoft.frameworklauncher.applicationmaster.RequestManager:         "fancyRetryPolicy" : false,
2020-03-20 04:42:16,659 INFO [main] com.microsoft.frameworklauncher.applicationmaster.RequestManager:         "maxRetryCount" : 0
2020-03-20 04:42:16,659 INFO [main] com.microsoft.frameworklauncher.applicationmaster.RequestManager:       },
2020-03-20 04:42:16,659 INFO [main] com.microsoft.frameworklauncher.applicationmaster.RequestManager:       "applicationCompletionPolicy" : {
2020-03-20 04:42:16,659 INFO [main] com.microsoft.frameworklauncher.applicationmaster.RequestManager:         "minFailedTaskCount" : 1,
2020-03-20 04:42:16,659 INFO [main] com.microsoft.frameworklauncher.applicationmaster.RequestManager:         "minSucceededTaskCount" : null
2020-03-20 04:42:16,659 INFO [main] com.microsoft.frameworklauncher.applicationmaster.RequestManager:       },
2020-03-20 04:42:16,659 INFO [main] com.microsoft.frameworklauncher.applicationmaster.RequestManager:       "taskService" : {
2020-03-20 04:42:16,659 INFO [main] com.microsoft.frameworklauncher.applicationmaster.RequestManager:         "version" : 0,
2020-03-20 04:42:16,659 INFO [main] com.microsoft.frameworklauncher.applicationmaster.RequestManager:         "entryPoint" : "source YarnContainerScripts/taskrole.sh",
2020-03-20 04:42:16,660 INFO [main] com.microsoft.frameworklauncher.applicationmaster.RequestManager:         "sourceLocations" : [ "/Container/admin/admin~just-test_3f34372a/YarnContainerScripts" ],
2020-03-20 04:42:16,660 INFO [main] com.microsoft.frameworklauncher.applicationmaster.RequestManager:         "resource" : {
2020-03-20 04:42:16,660 INFO [main] com.microsoft.frameworklauncher.applicationmaster.RequestManager:           "cpuNumber" : 4,
2020-03-20 04:42:16,660 INFO [main] com.microsoft.frameworklauncher.applicationmaster.RequestManager:           "memoryMB" : 8192,
2020-03-20 04:42:16,660 INFO [main] com.microsoft.frameworklauncher.applicationmaster.RequestManager:           "portDefinitions" : {
2020-03-20 04:42:16,660 INFO [main] com.microsoft.frameworklauncher.applicationmaster.RequestManager:             "ssh" : {
2020-03-20 04:42:16,660 INFO [main] com.microsoft.frameworklauncher.applicationmaster.RequestManager:               "start" : 0,
2020-03-20 04:42:16,660 INFO [main] com.microsoft.frameworklauncher.applicationmaster.RequestManager:               "count" : 1
2020-03-20 04:42:16,660 INFO [main] com.microsoft.frameworklauncher.applicationmaster.RequestManager:             },
2020-03-20 04:42:16,660 INFO [main] com.microsoft.frameworklauncher.applicationmaster.RequestManager:             "http" : {
2020-03-20 04:42:16,660 INFO [main] com.microsoft.frameworklauncher.applicationmaster.RequestManager:               "start" : 0,
2020-03-20 04:42:16,660 INFO [main] com.microsoft.frameworklauncher.applicationmaster.RequestManager:               "count" : 1
2020-03-20 04:42:16,660 INFO [main] com.microsoft.frameworklauncher.applicationmaster.RequestManager:             }
2020-03-20 04:42:16,660 INFO [main] com.microsoft.frameworklauncher.applicationmaster.RequestManager:           },
2020-03-20 04:42:16,660 INFO [main] com.microsoft.frameworklauncher.applicationmaster.RequestManager:           "diskType" : "HDD",
2020-03-20 04:42:16,660 INFO [main] com.microsoft.frameworklauncher.applicationmaster.RequestManager:           "diskMB" : 0,
2020-03-20 04:42:16,660 INFO [main] com.microsoft.frameworklauncher.applicationmaster.RequestManager:           "gpuNumber" : 1,
2020-03-20 04:42:16,660 INFO [main] com.microsoft.frameworklauncher.applicationmaster.RequestManager:           "gpuAttribute" : 0
2020-03-20 04:42:16,660 INFO [main] com.microsoft.frameworklauncher.applicationmaster.RequestManager:         }
2020-03-20 04:42:16,660 INFO [main] com.microsoft.frameworklauncher.applicationmaster.RequestManager:       },
2020-03-20 04:42:16,660 INFO [main] com.microsoft.frameworklauncher.applicationmaster.RequestManager:       "platformSpecificParameters" : {
2020-03-20 04:42:16,660 INFO [main] com.microsoft.frameworklauncher.applicationmaster.RequestManager:         "taskNodeLabel" : null,
2020-03-20 04:42:16,660 INFO [main] com.microsoft.frameworklauncher.applicationmaster.RequestManager:         "taskNodeGpuType" : null,
2020-03-20 04:42:16,660 INFO [main] com.microsoft.frameworklauncher.applicationmaster.RequestManager:         "samePortAllocation" : false
2020-03-20 04:42:16,660 INFO [main] com.microsoft.frameworklauncher.applicationmaster.RequestManager:       }
2020-03-20 04:42:16,660 INFO [main] com.microsoft.frameworklauncher.applicationmaster.RequestManager:     }
2020-03-20 04:42:16,660 INFO [main] com.microsoft.frameworklauncher.applicationmaster.RequestManager:   },
2020-03-20 04:42:16,660 INFO [main] com.microsoft.frameworklauncher.applicationmaster.RequestManager:   "platformSpecificParameters" : {
2020-03-20 04:42:16,660 INFO [main] com.microsoft.frameworklauncher.applicationmaster.RequestManager:     "amResource" : {
2020-03-20 04:42:16,660 INFO [main] com.microsoft.frameworklauncher.applicationmaster.RequestManager:       "cpuNumber" : 1,
2020-03-20 04:42:16,660 INFO [main] com.microsoft.frameworklauncher.applicationmaster.RequestManager:       "memoryMB" : 1024,
2020-03-20 04:42:16,660 INFO [main] com.microsoft.frameworklauncher.applicationmaster.RequestManager:       "portDefinitions" : { },
2020-03-20 04:42:16,660 INFO [main] com.microsoft.frameworklauncher.applicationmaster.RequestManager:       "diskType" : "HDD",
2020-03-20 04:42:16,660 INFO [main] com.microsoft.frameworklauncher.applicationmaster.RequestManager:       "diskMB" : 0,
2020-03-20 04:42:16,660 INFO [main] com.microsoft.frameworklauncher.applicationmaster.RequestManager:       "gpuNumber" : 0,
2020-03-20 04:42:16,660 INFO [main] com.microsoft.frameworklauncher.applicationmaster.RequestManager:       "gpuAttribute" : 0
2020-03-20 04:42:16,660 INFO [main] com.microsoft.frameworklauncher.applicationmaster.RequestManager:     },
2020-03-20 04:42:16,660 INFO [main] com.microsoft.frameworklauncher.applicationmaster.RequestManager:     "amNodeLabel" : null,
2020-03-20 04:42:16,660 INFO [main] com.microsoft.frameworklauncher.applicationmaster.RequestManager:     "taskNodeLabel" : null,
2020-03-20 04:42:16,660 INFO [main] com.microsoft.frameworklauncher.applicationmaster.RequestManager:     "taskNodeGpuType" : null,
2020-03-20 04:42:16,661 INFO [main] com.microsoft.frameworklauncher.applicationmaster.RequestManager:     "queue" : "default",
2020-03-20 04:42:16,661 INFO [main] com.microsoft.frameworklauncher.applicationmaster.RequestManager:     "containerConnectionMaxLostCount" : -2,
2020-03-20 04:42:16,661 INFO [main] com.microsoft.frameworklauncher.applicationmaster.RequestManager:     "containerConnectionMaxExceedCount" : 2,
2020-03-20 04:42:16,661 INFO [main] com.microsoft.frameworklauncher.applicationmaster.RequestManager:     "antiaffinityAllocation" : false,
2020-03-20 04:42:16,661 INFO [main] com.microsoft.frameworklauncher.applicationmaster.RequestManager:     "gangAllocation" : true,
2020-03-20 04:42:16,661 INFO [main] com.microsoft.frameworklauncher.applicationmaster.RequestManager:     "skipLocalTriedResource" : true,
2020-03-20 04:42:16,661 INFO [main] com.microsoft.frameworklauncher.applicationmaster.RequestManager:     "amType" : "DEFAULT",
2020-03-20 04:42:16,661 INFO [main] com.microsoft.frameworklauncher.applicationmaster.RequestManager:     "agentUseHeartbeat" : false,
2020-03-20 04:42:16,661 INFO [main] com.microsoft.frameworklauncher.applicationmaster.RequestManager:     "agentHeartbeatIntervalSec" : 30,
2020-03-20 04:42:16,661 INFO [main] com.microsoft.frameworklauncher.applicationmaster.RequestManager:     "agentExpiryIntervalSec" : 180,
2020-03-20 04:42:16,661 INFO [main] com.microsoft.frameworklauncher.applicationmaster.RequestManager:     "agentUseHealthCheck" : false,
2020-03-20 04:42:16,661 INFO [main] com.microsoft.frameworklauncher.applicationmaster.RequestManager:     "taskServiceHealthCheck" : null
2020-03-20 04:42:16,661 INFO [main] com.microsoft.frameworklauncher.applicationmaster.RequestManager:   }
2020-03-20 04:42:16,661 INFO [main] com.microsoft.frameworklauncher.applicationmaster.RequestManager: }
2020-03-20 04:42:16,661 INFO [main] com.microsoft.frameworklauncher.applicationmaster.RequestManager: ________________________________________________________________________________________________________________________________________________________________________________________________________
2020-03-20 04:42:16,661 INFO [main] com.microsoft.frameworklauncher.applicationmaster.ApplicationMaster: onServiceVersionsUpdated: ServiceVersions: {<taskrole = 0>}
2020-03-20 04:42:16,661 INFO [main] com.microsoft.frameworklauncher.applicationmaster.ApplicationMaster: onTaskNumbersUpdated: TaskNumbers: {<taskrole = 1>}
2020-03-20 04:42:16,662 INFO [main] com.microsoft.frameworklauncher.applicationmaster.ApplicationMaster: onStartRMResyncHandler
2020-03-20 04:42:16,662 INFO [main] com.microsoft.frameworklauncher.applicationmaster.RMResyncHandler: Starting RMResyncHandler
2020-03-20 04:42:16,662 INFO [main] com.microsoft.frameworklauncher.applicationmaster.RMResyncHandler: Running RMResyncHandler
2020-03-20 04:42:16,662 INFO [main] com.microsoft.frameworklauncher.applicationmaster.ApplicationMaster: All the previous CONTAINER_RUNNING Tasks have been driven
2020-03-20 04:42:16,662 INFO [main] com.microsoft.frameworklauncher.applicationmaster.ApplicationMaster: onStartTransitionTaskStateQueue
2020-03-20 04:42:16,662 INFO [main] com.microsoft.frameworklauncher.common.service.SystemTaskQueue: Running SystemTaskQueue. Current Queue Length 6.
2020-03-20 04:42:16,662 INFO [main] com.microsoft.frameworklauncher.applicationmaster.ApplicationMaster: Running TransitionTaskStateQueue
2020-03-20 04:42:16,663 INFO [main] com.microsoft.frameworklauncher.applicationmaster.RequestManager: Succeeded to recover com.microsoft.frameworklauncher.applicationmaster.RequestManager.
2020-03-20 04:42:16,663 INFO [main] com.microsoft.frameworklauncher.common.service.AbstractService: Running com.microsoft.frameworklauncher.applicationmaster.RequestManager
2020-03-20 04:42:16,663 INFO [main] com.microsoft.frameworklauncher.common.service.AbstractService: Running com.microsoft.frameworklauncher.applicationmaster.ApplicationMaster
2020-03-20 04:42:16,663 INFO [main] com.microsoft.frameworklauncher.common.service.AbstractService: Initializing com.microsoft.frameworklauncher.applicationmaster.FrameworkInfoPublisher
2020-03-20 04:42:16,663 INFO [main] com.microsoft.frameworklauncher.common.service.AbstractService: Recovering com.microsoft.frameworklauncher.applicationmaster.FrameworkInfoPublisher
2020-03-20 04:42:16,663 INFO [main] com.microsoft.frameworklauncher.common.service.AbstractService: Running com.microsoft.frameworklauncher.applicationmaster.FrameworkInfoPublisher
2020-03-20 04:42:16,673 INFO [Thread-10] com.microsoft.frameworklauncher.applicationmaster.FrameworkInfoPublisher: Publishing FrameworkInfo
2020-03-20 04:42:16,674 INFO [pool-1-thread-1] com.microsoft.frameworklauncher.applicationmaster.StatusManager: [taskrole]: Increase TaskNumber from [0] to [1]
2020-03-20 04:42:16,674 INFO [pool-1-thread-1] com.microsoft.frameworklauncher.applicationmaster.StatusManager: [taskrole]: Add Tasks in TaskIndex range [0, 1). Will request the corresponding Container later.
2020-03-20 04:42:16,675 INFO [pool-1-thread-1] com.microsoft.frameworklauncher.applicationmaster.ApplicationMaster: onOutstandingTaskAppeared[0]: GangAllocation Unsatisfied: Waiting for 1 outstanding Tasks with timeout 1100s.
2020-03-20 04:42:16,678 INFO [pool-1-thread-1] com.microsoft.frameworklauncher.applicationmaster.ApplicationMaster: [taskrole][0]: addContainerRequest: Start
2020-03-20 04:42:16,678 WARN [pool-1-thread-1] com.microsoft.frameworklauncher.applicationmaster.ApplicationMaster: Request Resource does not fit in the Max Resource configured in current cluster, request may fail or never get satisfied: Request Resource: [[MemoryMB: [8192] CpuNumber: [4] GpuNumber: [1] GpuAttribute: [0(0)] PortNumber: [2] PortRanges: [{}]]], Max Resource: [[MemoryMB: [1572864] CpuNumber: [96] GpuNumber: [0] GpuAttribute: [0(0)] PortNumber: [0] PortRanges: [{}]]]
2020-03-20 04:42:16,695 INFO [Thread-10] com.microsoft.frameworklauncher.common.utils.HadoopUtils: [hadoop fs -put -f FrameworkInfo.json /Launcher/admin~just-test_3f34372a/FrameworkInfo.json_TEMP]
2020-03-20 04:42:16,735 INFO [pool-1-thread-1] com.microsoft.frameworklauncher.applicationmaster.SelectionManager: select: TaskRole: [taskrole] Resource: [[MemoryMB: [8192] CpuNumber: [4] GpuNumber: [1] GpuAttribute: [0(0)] PortNumber: [2] PortRanges: [{}]]]
2020-03-20 04:42:16,735 INFO [pool-1-thread-1] com.microsoft.frameworklauncher.applicationmaster.SelectionManager: select: Request: Resource: [[MemoryMB: [8192] CpuNumber: [4] GpuNumber: [1] GpuAttribute: [0(0)] PortNumber: [2] PortRanges: [{}]]], NodeLabel: [null], NodeGpuType: [null], StartStatesTaskCount: [1], ReusedPorts: [{}]
2020-03-20 04:42:16,754 INFO [pool-1-thread-1] com.microsoft.frameworklauncher.applicationmaster.SelectionManager: select: select ports from all filteredNodes: {[8325-8326]}
2020-03-20 04:42:16,855 INFO [pool-1-thread-1] com.microsoft.frameworklauncher.applicationmaster.ApplicationMaster: [taskrole][0]: addContainerRequest: Send ContainerRequest to RM with timeout 111s. ContainerRequest: [Priority: [0] Resource: [MemoryMB: [8192] CpuNumber: [4] GpuNumber: [1] GpuAttribute: [1(1)] PortNumber: [0] PortRanges: [{[8325-8326]}]] NodeLabel: [null] RelaxLocality: [false] HostNames: {10.3.1.2} RackNames: {}]
2020-03-20 04:42:16,866 INFO [pool-1-thread-1] com.microsoft.frameworklauncher.applicationmaster.StatusManager: Transitioned Task [taskrole][0] from [TASK_WAITING] to [CONTAINER_REQUESTED]
2020-03-20 04:42:16,917 INFO [Thread-10] com.microsoft.frameworklauncher.common.utils.HadoopUtils: [hadoop fs -mv -f /Launcher/admin~just-test_3f34372a/FrameworkInfo.json_TEMP /Launcher/admin~just-test_3f34372a/FrameworkInfo.json]
2020-03-20 04:42:16,922 INFO [Thread-10] com.microsoft.frameworklauncher.applicationmaster.FrameworkInfoPublisher: Published FrameworkInfo
2020-03-20 04:42:18,883 INFO [AMRM Callback Handler Thread] com.microsoft.frameworklauncher.applicationmaster.ApplicationMaster: onContainersAllocated: Allocated Containers: 1.
2020-03-20 04:42:18,884 INFO [pool-1-thread-1] com.microsoft.frameworklauncher.applicationmaster.ApplicationMaster: allocateContainer: Try to Allocate 1 Containers to Tasks
2020-03-20 04:42:18,885 INFO [pool-1-thread-1] com.microsoft.frameworklauncher.applicationmaster.ApplicationMaster: [container_e10_1584673981652_0005_01_000002]: allocateContainer: Try to Allocate Container to Task: Container: ContainerId: [container_e10_1584673981652_0005_01_000002] Priority: [0] Resource: [MemoryMB: [8192] CpuNumber: [4] GpuNumber: [1] GpuAttribute: [1(1)] PortNumber: [0] PortRanges: [{[8325-8326]}]] NodeId: [HostName: [10.3.1.2] Port: [8041]]
2020-03-20 04:42:18,893 INFO [pool-1-thread-1] com.microsoft.frameworklauncher.applicationmaster.StatusManager: Associated Task [taskrole][0] with Container container_e10_1584673981652_0005_01_000002
2020-03-20 04:42:18,893 INFO [pool-1-thread-1] com.microsoft.frameworklauncher.applicationmaster.StatusManager: Transitioned Task [taskrole][0] from [CONTAINER_REQUESTED] to [CONTAINER_ALLOCATED]
2020-03-20 04:42:18,893 INFO [pool-1-thread-1] com.microsoft.frameworklauncher.applicationmaster.ApplicationMaster: onOutstandingTaskDisappeared: GangAllocation Satisfied: Schedule to Launch allocated Tasks if any.
2020-03-20 04:42:18,894 INFO [pool-1-thread-1] com.microsoft.frameworklauncher.applicationmaster.ApplicationMaster: [taskrole][0][container_e10_1584673981652_0005_01_000002]: Succeeded to Allocate Container to Task
2020-03-20 04:42:18,894 INFO [pool-1-thread-1] com.microsoft.frameworklauncher.applicationmaster.ApplicationMaster: onOutstandingTaskDisappeared: GangAllocation Satisfied: Launch 1 allocated Tasks.
2020-03-20 04:42:18,894 INFO [pool-1-thread-1] com.microsoft.frameworklauncher.applicationmaster.ApplicationMaster: [taskrole][0][container_e10_1584673981652_0005_01_000002]: launchContainer
2020-03-20 04:42:18,897 INFO [pool-1-thread-1] com.microsoft.frameworklauncher.common.utils.HadoopUtils: [hadoop fs -stat %Y /Container/admin/admin~just-test_3f34372a/YarnContainerScripts]
2020-03-20 04:42:19,028 INFO [pool-1-thread-1] com.microsoft.frameworklauncher.applicationmaster.StatusManager: Transitioned Task [taskrole][0] from [CONTAINER_ALLOCATED] to [CONTAINER_LAUNCHED]
2020-03-20 04:42:19,149 INFO [pool-1-thread-1] com.microsoft.frameworklauncher.applicationmaster.ApplicationMaster: ________________________________________________________________________________________________________________________________________________________________________________________________________
2020-03-20 04:42:19,149 INFO [pool-1-thread-1] com.microsoft.frameworklauncher.applicationmaster.ApplicationMaster: [taskrole][0][container_e10_1584673981652_0005_01_000002]: onContainerStartSucceeded
2020-03-20 04:42:19,149 INFO [pool-1-thread-1] com.microsoft.frameworklauncher.applicationmaster.ApplicationMaster: [taskrole][0]: ContainerLogHttpAddress: http://10.3.1.2:8042/node/containerlogs/container_e10_1584673981652_0005_01_000002/admin/
2020-03-20 04:42:19,149 INFO [pool-1-thread-1] com.microsoft.frameworklauncher.applicationmaster.ApplicationMaster: [taskrole][0]: ContainerLogNetworkPath: 10.3.1.2:/var/lib/yarn/userlogs/application_1584673981652_0005/container_e10_1584673981652_0005_01_000002
2020-03-20 04:42:19,149 INFO [pool-1-thread-1] com.microsoft.frameworklauncher.applicationmaster.ApplicationMaster: [taskrole][0]: ContainerCacheNetworkPath: 10.3.1.2:/var/lib/hadoopdata/nm-local-dir/usercache/admin/appcache/application_1584673981652_0005/container_e10_1584673981652_0005_01_000002
2020-03-20 04:42:19,149 INFO [pool-1-thread-1] com.microsoft.frameworklauncher.applicationmaster.ApplicationMaster: ________________________________________________________________________________________________________________________________________________________________________________________________________
2020-03-20 04:42:19,149 INFO [pool-1-thread-1] com.microsoft.frameworklauncher.applicationmaster.StatusManager: Transitioned Task [taskrole][0] from [CONTAINER_LAUNCHED] to [CONTAINER_RUNNING]
2020-03-20 04:42:36,424 INFO [Thread-8] com.microsoft.frameworklauncher.applicationmaster.StatusManager: [taskrole]: Pushing TaskRoleStatus
2020-03-20 04:42:36,442 INFO [Thread-8] com.microsoft.frameworklauncher.applicationmaster.StatusManager: [taskrole]: Pushed TaskRoleStatus
2020-03-20 04:42:36,442 INFO [Thread-8] com.microsoft.frameworklauncher.applicationmaster.StatusManager: [taskrole]: Pushing TaskStatuses
2020-03-20 04:42:36,487 INFO [Thread-8] com.microsoft.frameworklauncher.applicationmaster.StatusManager: TaskStateCounters: [taskrole][CONTAINER_RUNNING]: Count 1
2020-03-20 04:42:36,487 INFO [Thread-8] com.microsoft.frameworklauncher.applicationmaster.StatusManager: [taskrole]: Pushed TaskStatuses
2020-03-20 04:42:36,954 INFO [Thread-10] com.microsoft.frameworklauncher.applicationmaster.FrameworkInfoPublisher: Publishing FrameworkInfo
2020-03-20 04:42:36,963 INFO [Thread-10] com.microsoft.frameworklauncher.common.utils.HadoopUtils: [hadoop fs -put -f FrameworkInfo.json /Launcher/admin~just-test_3f34372a/FrameworkInfo.json_TEMP]
2020-03-20 04:42:37,004 INFO [Thread-10] com.microsoft.frameworklauncher.common.utils.HadoopUtils: [hadoop fs -mv -f /Launcher/admin~just-test_3f34372a/FrameworkInfo.json_TEMP /Launcher/admin~just-test_3f34372a/FrameworkInfo.json]
2020-03-20 04:42:37,006 INFO [Thread-10] com.microsoft.frameworklauncher.applicationmaster.FrameworkInfoPublisher: Published FrameworkInfo
2020-03-20 04:43:20,089 INFO [AMRM Callback Handler Thread] com.microsoft.frameworklauncher.applicationmaster.ApplicationMaster: onContainersCompleted: Completed Containers: 1.
2020-03-20 04:43:20,091 INFO [pool-1-thread-1] com.microsoft.frameworklauncher.applicationmaster.ApplicationMaster: ________________________________________________________________________________________________________________________________________________________________________________________________________
2020-03-20 04:43:20,091 INFO [pool-1-thread-1] com.microsoft.frameworklauncher.applicationmaster.ApplicationMaster: [taskrole][0][container_e10_1584673981652_0005_01_000002]: completeContainer: RawExitCode: 255, RawExitDiagnostics: [2020-03-20 04:43:19.515]Exception from container-launch: 
2020-03-20 04:43:20,091 INFO [pool-1-thread-1] com.microsoft.frameworklauncher.applicationmaster.ApplicationMaster: ExitCodeException exitCode=255: 
2020-03-20 04:43:20,091 INFO [pool-1-thread-1] com.microsoft.frameworklauncher.applicationmaster.ApplicationMaster: 	at org.apache.hadoop.util.Shell.runCommand(Shell.java:998)
2020-03-20 04:43:20,091 INFO [pool-1-thread-1] com.microsoft.frameworklauncher.applicationmaster.ApplicationMaster: 	at org.apache.hadoop.util.Shell.run(Shell.java:884)
2020-03-20 04:43:20,091 INFO [pool-1-thread-1] com.microsoft.frameworklauncher.applicationmaster.ApplicationMaster: 	at org.apache.hadoop.util.Shell$ShellCommandExecutor.execute(Shell.java:1216)
2020-03-20 04:43:20,091 INFO [pool-1-thread-1] com.microsoft.frameworklauncher.applicationmaster.ApplicationMaster: 	at org.apache.hadoop.yarn.server.nodemanager.DockerContainerExecutor.launchContainer(DockerContainerExecutor.java:312)
2020-03-20 04:43:20,091 INFO [pool-1-thread-1] com.microsoft.frameworklauncher.applicationmaster.ApplicationMaster: 	at org.apache.hadoop.yarn.server.nodemanager.containermanager.launcher.ContainerLaunch.launchContainer(ContainerLaunch.java:443)
2020-03-20 04:43:20,091 INFO [pool-1-thread-1] com.microsoft.frameworklauncher.applicationmaster.ApplicationMaster: 	at org.apache.hadoop.yarn.server.nodemanager.containermanager.launcher.ContainerLaunch.call(ContainerLaunch.java:294)
2020-03-20 04:43:20,091 INFO [pool-1-thread-1] com.microsoft.frameworklauncher.applicationmaster.ApplicationMaster: 	at org.apache.hadoop.yarn.server.nodemanager.containermanager.launcher.ContainerLaunch.call(ContainerLaunch.java:92)
2020-03-20 04:43:20,091 INFO [pool-1-thread-1] com.microsoft.frameworklauncher.applicationmaster.ApplicationMaster: 	at java.util.concurrent.FutureTask.run(FutureTask.java:266)
2020-03-20 04:43:20,092 INFO [pool-1-thread-1] com.microsoft.frameworklauncher.applicationmaster.ApplicationMaster: 	at java.util.concurrent.ThreadPoolExecutor.runWorker(ThreadPoolExecutor.java:1149)
2020-03-20 04:43:20,092 INFO [pool-1-thread-1] com.microsoft.frameworklauncher.applicationmaster.ApplicationMaster: 	at java.util.concurrent.ThreadPoolExecutor$Worker.run(ThreadPoolExecutor.java:624)
2020-03-20 04:43:20,092 INFO [pool-1-thread-1] com.microsoft.frameworklauncher.applicationmaster.ApplicationMaster: 	at java.lang.Thread.run(Thread.java:748)
2020-03-20 04:43:20,092 INFO [pool-1-thread-1] com.microsoft.frameworklauncher.applicationmaster.ApplicationMaster: 
2020-03-20 04:43:20,092 INFO [pool-1-thread-1] com.microsoft.frameworklauncher.applicationmaster.ApplicationMaster: [2020-03-20 04:43:19.515]
2020-03-20 04:43:20,092 INFO [pool-1-thread-1] com.microsoft.frameworklauncher.applicationmaster.ApplicationMaster: [2020-03-20 04:43:19.518]Container exited with a non-zero exit code 255. Last 40960 bytes of runtime.pai.agg.error :
2020-03-20 04:43:20,092 INFO [pool-1-thread-1] com.microsoft.frameworklauncher.applicationmaster.ApplicationMaster: [PAI_RUNTIME_ERROR_START]
2020-03-20 04:43:20,092 INFO [pool-1-thread-1] com.microsoft.frameworklauncher.applicationmaster.ApplicationMaster: exitcode: 255
2020-03-20 04:43:20,092 INFO [pool-1-thread-1] com.microsoft.frameworklauncher.applicationmaster.ApplicationMaster: trigger: originalUserExitCode
2020-03-20 04:43:20,092 INFO [pool-1-thread-1] com.microsoft.frameworklauncher.applicationmaster.ApplicationMaster: reason: |
2020-03-20 04:43:20,092 INFO [pool-1-thread-1] com.microsoft.frameworklauncher.applicationmaster.ApplicationMaster:   User process exited with code: 2
2020-03-20 04:43:20,092 INFO [pool-1-thread-1] com.microsoft.frameworklauncher.applicationmaster.ApplicationMaster: solution: |
2020-03-20 04:43:20,092 INFO [pool-1-thread-1] com.microsoft.frameworklauncher.applicationmaster.ApplicationMaster:   
2020-03-20 04:43:20,092 INFO [pool-1-thread-1] com.microsoft.frameworklauncher.applicationmaster.ApplicationMaster: originalUserExitCode: 2
2020-03-20 04:43:20,092 INFO [pool-1-thread-1] com.microsoft.frameworklauncher.applicationmaster.ApplicationMaster: dockerStatus: 
2020-03-20 04:43:20,092 INFO [pool-1-thread-1] com.microsoft.frameworklauncher.applicationmaster.ApplicationMaster: caughtSignal: 
2020-03-20 04:43:20,092 INFO [pool-1-thread-1] com.microsoft.frameworklauncher.applicationmaster.ApplicationMaster: caughtException:
2020-03-20 04:43:20,092 INFO [pool-1-thread-1] com.microsoft.frameworklauncher.applicationmaster.ApplicationMaster: matchedUserLogString:
2020-03-20 04:43:20,092 INFO [pool-1-thread-1] com.microsoft.frameworklauncher.applicationmaster.ApplicationMaster: errorLogs:
2020-03-20 04:43:20,092 INFO [pool-1-thread-1] com.microsoft.frameworklauncher.applicationmaster.ApplicationMaster:   user: |
2020-03-20 04:43:20,092 INFO [pool-1-thread-1] com.microsoft.frameworklauncher.applicationmaster.ApplicationMaster:     
2020-03-20 04:43:20,092 INFO [pool-1-thread-1] com.microsoft.frameworklauncher.applicationmaster.ApplicationMaster:     Usage:
2020-03-20 04:43:20,092 INFO [pool-1-thread-1] com.microsoft.frameworklauncher.applicationmaster.ApplicationMaster:     pip install [options] <requirement specifier> [package-index-options] ...
2020-03-20 04:43:20,092 INFO [pool-1-thread-1] com.microsoft.frameworklauncher.applicationmaster.ApplicationMaster:     pip install [options] -r <requirements file> [package-index-options] ...
2020-03-20 04:43:20,092 INFO [pool-1-thread-1] com.microsoft.frameworklauncher.applicationmaster.ApplicationMaster:     pip install [options] [-e] <vcs project url> ...
2020-03-20 04:43:20,092 INFO [pool-1-thread-1] com.microsoft.frameworklauncher.applicationmaster.ApplicationMaster:     pip install [options] [-e] <local project path> ...
2020-03-20 04:43:20,092 INFO [pool-1-thread-1] com.microsoft.frameworklauncher.applicationmaster.ApplicationMaster:     pip install [options] <archive url/path> ...
2020-03-20 04:43:20,092 INFO [pool-1-thread-1] com.microsoft.frameworklauncher.applicationmaster.ApplicationMaster:     
2020-03-20 04:43:20,092 INFO [pool-1-thread-1] com.microsoft.frameworklauncher.applicationmaster.ApplicationMaster:     no such option: --alias
2020-03-20 04:43:20,092 INFO [pool-1-thread-1] com.microsoft.frameworklauncher.applicationmaster.ApplicationMaster:   runtime: |
2020-03-20 04:43:20,092 INFO [pool-1-thread-1] com.microsoft.frameworklauncher.applicationmaster.ApplicationMaster:     1584679398 ERROR REASON "User process exited with code: 2"
2020-03-20 04:43:20,092 INFO [pool-1-thread-1] com.microsoft.frameworklauncher.applicationmaster.ApplicationMaster:     WARNING: Your kernel does not support swap limit capabilities or the cgroup is not mounted. Memory limited without swap.
2020-03-20 04:43:20,092 INFO [pool-1-thread-1] com.microsoft.frameworklauncher.applicationmaster.ApplicationMaster:     1584679399 INFO USER_EXIT_CODE 2
2020-03-20 04:43:20,092 INFO [pool-1-thread-1] com.microsoft.frameworklauncher.applicationmaster.ApplicationMaster:   diskCleaner: |
2020-03-20 04:43:20,092 INFO [pool-1-thread-1] com.microsoft.frameworklauncher.applicationmaster.ApplicationMaster: [PAI_RUNTIME_ERROR_END]
2020-03-20 04:43:20,092 INFO [pool-1-thread-1] com.microsoft.frameworklauncher.applicationmaster.ApplicationMaster: 
2020-03-20 04:43:20,093 INFO [pool-1-thread-1] com.microsoft.frameworklauncher.applicationmaster.ApplicationMaster: [2020-03-20 04:43:19.518], NeedToRelease: false
2020-03-20 04:43:20,093 INFO [pool-1-thread-1] com.microsoft.frameworklauncher.applicationmaster.ApplicationMaster: [taskrole][0]: ContainerLogHttpAddress: http://10.3.1.2:8042/node/containerlogs/container_e10_1584673981652_0005_01_000002/admin/
2020-03-20 04:43:20,093 INFO [pool-1-thread-1] com.microsoft.frameworklauncher.applicationmaster.ApplicationMaster: [taskrole][0]: ContainerLogNetworkPath: 10.3.1.2:/var/lib/yarn/userlogs/application_1584673981652_0005/container_e10_1584673981652_0005_01_000002
2020-03-20 04:43:20,093 INFO [pool-1-thread-1] com.microsoft.frameworklauncher.applicationmaster.ApplicationMaster: [taskrole][0]: ContainerCacheNetworkPath: 10.3.1.2:/var/lib/hadoopdata/nm-local-dir/usercache/admin/appcache/application_1584673981652_0005/container_e10_1584673981652_0005_01_000002
2020-03-20 04:43:20,093 INFO [pool-1-thread-1] com.microsoft.frameworklauncher.applicationmaster.ApplicationMaster: ________________________________________________________________________________________________________________________________________________________________________________________________________
2020-03-20 04:43:20,093 INFO [pool-1-thread-1] com.microsoft.frameworklauncher.applicationmaster.StatusManager: Transitioned Task [taskrole][0] from [CONTAINER_RUNNING] to [CONTAINER_COMPLETED]
2020-03-20 04:43:20,097 INFO [pool-1-thread-1] com.microsoft.frameworklauncher.applicationmaster.ApplicationMaster: ________________________________________________________________________________________________________________________________________________________________________________________________________
2020-03-20 04:43:20,097 INFO [pool-1-thread-1] com.microsoft.frameworklauncher.applicationmaster.ApplicationMaster: [taskrole][0]: attemptToRetry: ContainerExitCode: [255], ContainerExitType: [UNKNOWN], RetryPolicyState:
2020-03-20 04:43:20,097 INFO [pool-1-thread-1] com.microsoft.frameworklauncher.applicationmaster.ApplicationMaster: [{
2020-03-20 04:43:20,097 INFO [pool-1-thread-1] com.microsoft.frameworklauncher.applicationmaster.ApplicationMaster:   "retriedCount" : 0,
2020-03-20 04:43:20,097 INFO [pool-1-thread-1] com.microsoft.frameworklauncher.applicationmaster.ApplicationMaster:   "succeededRetriedCount" : 0,
2020-03-20 04:43:20,097 INFO [pool-1-thread-1] com.microsoft.frameworklauncher.applicationmaster.ApplicationMaster:   "transientNormalRetriedCount" : 0,
2020-03-20 04:43:20,097 INFO [pool-1-thread-1] com.microsoft.frameworklauncher.applicationmaster.ApplicationMaster:   "transientConflictRetriedCount" : 0,
2020-03-20 04:43:20,097 INFO [pool-1-thread-1] com.microsoft.frameworklauncher.applicationmaster.ApplicationMaster:   "nonTransientRetriedCount" : 0,
2020-03-20 04:43:20,097 INFO [pool-1-thread-1] com.microsoft.frameworklauncher.applicationmaster.ApplicationMaster:   "unKnownRetriedCount" : 0
2020-03-20 04:43:20,097 INFO [pool-1-thread-1] com.microsoft.frameworklauncher.applicationmaster.ApplicationMaster: }]
2020-03-20 04:43:20,097 INFO [pool-1-thread-1] com.microsoft.frameworklauncher.applicationmaster.ApplicationMaster: ________________________________________________________________________________________________________________________________________________________________________________________________________
2020-03-20 04:43:20,098 WARN [pool-1-thread-1] com.microsoft.frameworklauncher.applicationmaster.ApplicationMaster: [taskrole][0]: attemptToRetry: Will completeTask. Reason: RetriedCount 0 has reached MaxRetryCount 0.
2020-03-20 04:43:20,098 INFO [pool-1-thread-1] com.microsoft.frameworklauncher.applicationmaster.ApplicationMaster: ________________________________________________________________________________________________________________________________________________________________________________________________________
2020-03-20 04:43:20,099 INFO [pool-1-thread-1] com.microsoft.frameworklauncher.applicationmaster.ApplicationMaster: [taskrole][0]: completeTask: TaskStatus:
2020-03-20 04:43:20,099 INFO [pool-1-thread-1] com.microsoft.frameworklauncher.applicationmaster.ApplicationMaster: {
2020-03-20 04:43:20,099 INFO [pool-1-thread-1] com.microsoft.frameworklauncher.applicationmaster.ApplicationMaster:   "taskIndex" : 0,
2020-03-20 04:43:20,099 INFO [pool-1-thread-1] com.microsoft.frameworklauncher.applicationmaster.ApplicationMaster:   "taskRoleName" : "taskrole",
2020-03-20 04:43:20,099 INFO [pool-1-thread-1] com.microsoft.frameworklauncher.applicationmaster.ApplicationMaster:   "taskState" : "CONTAINER_COMPLETED",
2020-03-20 04:43:20,099 INFO [pool-1-thread-1] com.microsoft.frameworklauncher.applicationmaster.ApplicationMaster:   "taskRetryPolicyState" : {
2020-03-20 04:43:20,099 INFO [pool-1-thread-1] com.microsoft.frameworklauncher.applicationmaster.ApplicationMaster:     "retriedCount" : 0,
2020-03-20 04:43:20,099 INFO [pool-1-thread-1] com.microsoft.frameworklauncher.applicationmaster.ApplicationMaster:     "succeededRetriedCount" : 0,
2020-03-20 04:43:20,099 INFO [pool-1-thread-1] com.microsoft.frameworklauncher.applicationmaster.ApplicationMaster:     "transientNormalRetriedCount" : 0,
2020-03-20 04:43:20,099 INFO [pool-1-thread-1] com.microsoft.frameworklauncher.applicationmaster.ApplicationMaster:     "transientConflictRetriedCount" : 0,
2020-03-20 04:43:20,099 INFO [pool-1-thread-1] com.microsoft.frameworklauncher.applicationmaster.ApplicationMaster:     "nonTransientRetriedCount" : 0,
2020-03-20 04:43:20,099 INFO [pool-1-thread-1] com.microsoft.frameworklauncher.applicationmaster.ApplicationMaster:     "unKnownRetriedCount" : 0
2020-03-20 04:43:20,099 INFO [pool-1-thread-1] com.microsoft.frameworklauncher.applicationmaster.ApplicationMaster:   },
2020-03-20 04:43:20,099 INFO [pool-1-thread-1] com.microsoft.frameworklauncher.applicationmaster.ApplicationMaster:   "taskCreatedTimestamp" : 1584679336674,
2020-03-20 04:43:20,099 INFO [pool-1-thread-1] com.microsoft.frameworklauncher.applicationmaster.ApplicationMaster:   "taskCompletedTimestamp" : null,
2020-03-20 04:43:20,099 INFO [pool-1-thread-1] com.microsoft.frameworklauncher.applicationmaster.ApplicationMaster:   "taskServiceStatus" : {
2020-03-20 04:43:20,099 INFO [pool-1-thread-1] com.microsoft.frameworklauncher.applicationmaster.ApplicationMaster:     "serviceVersion" : 0
2020-03-20 04:43:20,099 INFO [pool-1-thread-1] com.microsoft.frameworklauncher.applicationmaster.ApplicationMaster:   },
2020-03-20 04:43:20,099 INFO [pool-1-thread-1] com.microsoft.frameworklauncher.applicationmaster.ApplicationMaster:   "containerId" : "container_e10_1584673981652_0005_01_000002",
2020-03-20 04:43:20,099 INFO [pool-1-thread-1] com.microsoft.frameworklauncher.applicationmaster.ApplicationMaster:   "containerHost" : "10.3.1.2",
2020-03-20 04:43:20,099 INFO [pool-1-thread-1] com.microsoft.frameworklauncher.applicationmaster.ApplicationMaster:   "containerIp" : "10.3.1.2",
2020-03-20 04:43:20,099 INFO [pool-1-thread-1] com.microsoft.frameworklauncher.applicationmaster.ApplicationMaster:   "containerPorts" : "ssh:8325;http:8326;",
2020-03-20 04:43:20,099 INFO [pool-1-thread-1] com.microsoft.frameworklauncher.applicationmaster.ApplicationMaster:   "containerGpus" : 1,
2020-03-20 04:43:20,099 INFO [pool-1-thread-1] com.microsoft.frameworklauncher.applicationmaster.ApplicationMaster:   "containerLogHttpAddress" : "http://10.3.1.2:8042/node/containerlogs/container_e10_1584673981652_0005_01_000002/admin/",
2020-03-20 04:43:20,099 INFO [pool-1-thread-1] com.microsoft.frameworklauncher.applicationmaster.ApplicationMaster:   "containerConnectionLostCount" : 0,
2020-03-20 04:43:20,099 INFO [pool-1-thread-1] com.microsoft.frameworklauncher.applicationmaster.ApplicationMaster:   "containerIsDecommissioning" : null,
2020-03-20 04:43:20,099 INFO [pool-1-thread-1] com.microsoft.frameworklauncher.applicationmaster.ApplicationMaster:   "containerLaunchedTimestamp" : 1584679339028,
2020-03-20 04:43:20,099 INFO [pool-1-thread-1] com.microsoft.frameworklauncher.applicationmaster.ApplicationMaster:   "containerCompletedTimestamp" : 1584679400093,
2020-03-20 04:43:20,099 INFO [pool-1-thread-1] com.microsoft.frameworklauncher.applicationmaster.ApplicationMaster:   "containerExitCode" : 255,
2020-03-20 04:43:20,099 INFO [pool-1-thread-1] com.microsoft.frameworklauncher.applicationmaster.ApplicationMaster:   "containerExitDescription" : "Container failed but the failure cannot be recognized by PAI Runtime",
2020-03-20 04:43:20,099 INFO [pool-1-thread-1] com.microsoft.frameworklauncher.applicationmaster.ApplicationMaster:   "containerExitDiagnostics" : "[2020-03-20 04:43:19.515]Exception from container-launch: \nExitCodeException exitCode=255: \n\tat org.apache.hadoop.util.Shell.runCommand(Shell.java:998)\n\tat org.apache.hadoop.util.Shell.run(Shell.java:884)\n\tat org.apache.hadoop.util.Shell$ShellCommandExecutor.execute(Shell.java:1216)\n\tat org.apache.hadoop.yarn.server.nodemanager.DockerContainerExecutor.launchContainer(DockerContainerExecutor.java:312)\n\tat org.apache.hadoop.yarn.server.nodemanager.containermanager.launcher.ContainerLaunch.launchContainer(ContainerLaunch.java:443)\n\tat org.apache.hadoop.yarn.server.nodemanager.containermanager.launcher.ContainerLaunch.call(ContainerLaunch.java:294)\n\tat org.apache.hadoop.yarn.server.nodemanager.containermanager.launcher.ContainerLaunch.call(ContainerLaunch.java:92)\n\tat java.util.concurrent.FutureTask.run(FutureTask.java:266)\n\tat java.util.concurrent.ThreadPoolExecutor.runWorker(ThreadPoolExecutor.java:1149)\n\tat java.util.concurrent.ThreadPoolExecutor$Worker.run(ThreadPoolExecutor.java:624)\n\tat java.lang.Thread.run(Thread.java:748)\n\n[2020-03-20 04:43:19.515]\n[2020-03-20 04:43:19.518]Container exited with a non-zero exit code 255. Last 40960 bytes of runtime.pai.agg.error :\n[PAI_RUNTIME_ERROR_START]\nexitcode: 255\ntrigger: originalUserExitCode\nreason: |\n  User process exited with code: 2\nsolution: |\n  \noriginalUserExitCode: 2\ndockerStatus: \ncaughtSignal: \ncaughtException:\nmatchedUserLogString:\nerrorLogs:\n  user: |\n    \n    Usage:\n    pip install [options] <requirement specifier> [package-index-options] ...\n    pip install [options] -r <requirements file> [package-index-options] ...\n    pip install [options] [-e] <vcs project url> ...\n    pip install [options] [-e] <local project path> ...\n    pip install [options] <archive url/path> ...\n    \n    no such option: --alias\n  runtime: |\n    1584679398 ERROR REASON \"User process exited with code: 2\"\n    WARNING: Your kernel does not support swap limit capabilities or the cgroup is not mounted. Memory limited without swap.\n    1584679399 INFO USER_EXIT_CODE 2\n  diskCleaner: |\n[PAI_RUNTIME_ERROR_END]\n\n[2020-03-20 04:43:19.518]",
2020-03-20 04:43:20,100 INFO [pool-1-thread-1] com.microsoft.frameworklauncher.applicationmaster.ApplicationMaster:   "containerExitType" : "UNKNOWN"
2020-03-20 04:43:20,100 INFO [pool-1-thread-1] com.microsoft.frameworklauncher.applicationmaster.ApplicationMaster: }
2020-03-20 04:43:20,100 INFO [pool-1-thread-1] com.microsoft.frameworklauncher.applicationmaster.ApplicationMaster: ________________________________________________________________________________________________________________________________________________________________________________________________________
2020-03-20 04:43:20,100 INFO [pool-1-thread-1] com.microsoft.frameworklauncher.applicationmaster.StatusManager: Transitioned Task [taskrole][0] from [CONTAINER_COMPLETED] to [TASK_COMPLETED]
2020-03-20 04:43:20,103 ERROR [pool-1-thread-1] com.microsoft.frameworklauncher.common.service.AbstractService: ________________________________________________________________________________________________________________________________________________________________________________________________________
2020-03-20 04:43:20,103 ERROR [pool-1-thread-1] com.microsoft.frameworklauncher.common.service.AbstractService: Stopping com.microsoft.frameworklauncher.applicationmaster.ApplicationMaster with StopStatus: code = [200], needUnregister = [true], unregisterDiagnostics = [<LAUNCHER_AM_DIAGNOSTICS_START>{
2020-03-20 04:43:20,103 ERROR [pool-1-thread-1] com.microsoft.frameworklauncher.common.service.AbstractService:   "applicationExitCode" : 255,
2020-03-20 04:43:20,103 ERROR [pool-1-thread-1] com.microsoft.frameworklauncher.common.service.AbstractService:   "applicationExitDescription" : "Container failed but the failure cannot be recognized by PAI Runtime",
2020-03-20 04:43:20,103 ERROR [pool-1-thread-1] com.microsoft.frameworklauncher.common.service.AbstractService:   "applicationExitDiagnostics" : "[2020-03-20 04:43:19.515]Exception from container-launch: \nExitCodeException exitCode=255: \n\tat org.apache.hadoop.util.Shell.runCommand(Shell.java:998)\n\tat org.apache.hadoop.util.Shell.run(Shell.java:884)\n\tat org.apache.hadoop.util.Shell$ShellCommandExecutor.execute(Shell.java:1216)\n\tat org.apache.hadoop.yarn.server.nodemanager.DockerContainerExecutor.launchContainer(DockerContainerExecutor.java:312)\n\tat org.apache.hadoop.yarn.server.nodemanager.containermanager.launcher.ContainerLaunch.launchContainer(ContainerLaunch.java:443)\n\tat org.apache.hadoop.yarn.server.nodemanager.containermanager.launcher.ContainerLaunch.call(ContainerLaunch.java:294)\n\tat org.apache.hadoop.yarn.server.nodemanager.containermanager.launcher.ContainerLaunch.call(ContainerLaunch.java:92)\n\tat java.util.concurrent.FutureTask.run(FutureTask.java:266)\n\tat java.util.concurrent.ThreadPoolExecutor.runWorker(ThreadPoolExecutor.java:1149)\n\tat java.util.concurrent.ThreadPoolExecutor$Worker.run(ThreadPoolExecutor.java:624)\n\tat java.lang.Thread.run(Thread.java:748)\n\n[2020-03-20 04:43:19.515]\n[2020-03-20 04:43:19.518]Container exited with a non-zero exit code 255. Last 40960 bytes of runtime.pai.agg.error :\n[PAI_RUNTIME_ERROR_START]\nexitcode: 255\ntrigger: originalUserExitCode\nreason: |\n  User process exited with code: 2\nsolution: |\n  \noriginalUserExitCode: 2\ndockerStatus: \ncaughtSignal: \ncaughtException:\nmatchedUserLogString:\nerrorLogs:\n  user: |\n    \n    Usage:\n    pip install [options] <requirement specifier> [package-index-options] ...\n    pip install [options] -r <requirements file> [package-index-options] ...\n    pip install [options] [-e] <vcs project url> ...\n    pip install [options] [-e] <local project path> ...\n    pip install [options] <archive url/path> ...\n    \n    no such option: --alias\n  runtime: |\n    1584679398 ERROR REASON \"User process exited with code: 2\"\n    WARNING: Your kernel does not support swap limit capabilities or the cgroup is not mounted. Memory limited without swap.\n    1584679399 INFO USER_EXIT_CODE 2\n  diskCleaner: |\n[PAI_RUNTIME_ERROR_END]\n\n[2020-03-20 04:43:19.518]",
2020-03-20 04:43:20,103 ERROR [pool-1-thread-1] com.microsoft.frameworklauncher.common.service.AbstractService:   "applicationExitType" : "UNKNOWN",
2020-03-20 04:43:20,103 ERROR [pool-1-thread-1] com.microsoft.frameworklauncher.common.service.AbstractService:   "applicationExitTriggerMessage" : "FailedTaskCount 1 has reached MinFailedTaskCount 1 in TaskRole [taskrole]",
2020-03-20 04:43:20,103 ERROR [pool-1-thread-1] com.microsoft.frameworklauncher.common.service.AbstractService:   "applicationExitTriggerTaskRoleName" : "taskrole",
2020-03-20 04:43:20,103 ERROR [pool-1-thread-1] com.microsoft.frameworklauncher.common.service.AbstractService:   "applicationExitTriggerTaskIndex" : 0
2020-03-20 04:43:20,103 ERROR [pool-1-thread-1] com.microsoft.frameworklauncher.common.service.AbstractService: }<LAUNCHER_AM_DIAGNOSTICS_END>], Exception = [null]
2020-03-20 04:43:20,104 ERROR [pool-1-thread-1] com.microsoft.frameworklauncher.common.service.AbstractService: ________________________________________________________________________________________________________________________________________________________________________________________________________
2020-03-20 04:43:20,104 ERROR [pool-1-thread-1] com.microsoft.frameworklauncher.common.service.AbstractService: Stopping com.microsoft.frameworklauncher.applicationmaster.StatusManager
2020-03-20 04:43:20,105 INFO [pool-1-thread-1] com.microsoft.frameworklauncher.applicationmaster.StatusManager: pushStatus for the last time before stop com.microsoft.frameworklauncher.applicationmaster.StatusManager.
2020-03-20 04:43:20,105 INFO [pool-1-thread-1] com.microsoft.frameworklauncher.applicationmaster.StatusManager: [taskrole]: Pushing TaskStatuses
2020-03-20 04:43:20,190 INFO [pool-1-thread-1] com.microsoft.frameworklauncher.applicationmaster.StatusManager: TaskStateCounters: [taskrole][TaskFailed]: Count 1
2020-03-20 04:43:20,190 INFO [pool-1-thread-1] com.microsoft.frameworklauncher.applicationmaster.StatusManager: [taskrole]: Pushed TaskStatuses
2020-03-20 04:43:20,196 ERROR [pool-1-thread-1] com.microsoft.frameworklauncher.common.service.AbstractService: Stopping com.microsoft.frameworklauncher.applicationmaster.RequestManager
2020-03-20 04:43:20,196 ERROR [pool-1-thread-1] com.microsoft.frameworklauncher.common.service.AbstractService: Stopping com.microsoft.frameworklauncher.applicationmaster.FrameworkInfoPublisher
2020-03-20 04:43:20,196 INFO [pool-1-thread-1] com.microsoft.frameworklauncher.applicationmaster.ApplicationMaster: Unregistering com.microsoft.frameworklauncher.applicationmaster.ApplicationMaster to RM
2020-03-20 04:43:20,307 INFO [pool-1-thread-1] com.microsoft.frameworklauncher.applicationmaster.ApplicationMaster: com.microsoft.frameworklauncher.applicationmaster.ApplicationMaster stopped
